26-01-16.15:35:06.164 [main            ] INFO  StrategyArmoryTest     - Starting StrategyArmoryTest using Java 1.8.0_462 on User1 with PID 344 (started by hafutpurs in E:\2JavaCode\BigMarket\big-market\big-market-app)
26-01-16.15:35:06.166 [main            ] INFO  StrategyArmoryTest     - The following 1 profile is active: "dev"
26-01-16.15:35:07.145 [main            ] INFO  RepositoryConfigurationDelegate - Multiple Spring Data modules found, entering strict repository configuration mode
26-01-16.15:35:07.148 [main            ] INFO  RepositoryConfigurationDelegate - Bootstrapping Spring Data Redis repositories in DEFAULT mode.
26-01-16.15:35:07.175 [main            ] INFO  RepositoryConfigurationDelegate - Finished Spring Data repository scanning in 10 ms. Found 0 Redis repository interfaces.
26-01-16.15:35:07.892 [main            ] WARN  GenericWebApplicationContext - Exception encountered during context initialization - cancelling refresh attempt: org.springframework.beans.factory.BeanCreationException: Error creating bean with name 'strategyArmory': Injection of resource dependencies failed; nested exception is org.springframework.beans.factory.NoSuchBeanDefinitionException: No qualifying bean of type 'com.c.domain.strategy.repository.IStrategyRepository' available: expected at least 1 bean which qualifies as autowire candidate. Dependency annotations: {@javax.annotation.Resource(shareable=true, lookup=, name=, description=, authenticationType=CONTAINER, type=class java.lang.Object, mappedName=)}
26-01-16.15:35:07.903 [main            ] INFO  ConditionEvaluationReportLoggingListener - 

Error starting ApplicationContext. To display the conditions report re-run your application with 'debug' enabled.
26-01-16.15:35:07.926 [main            ] ERROR LoggingFailureAnalysisReporter - 

***************************
APPLICATION FAILED TO START
***************************

Description:

A component required a bean of type 'com.c.domain.strategy.repository.IStrategyRepository' that could not be found.


Action:

Consider defining a bean of type 'com.c.domain.strategy.repository.IStrategyRepository' in your configuration.

26-01-16.15:35:07.929 [main            ] ERROR TestContextManager     - Caught exception while allowing TestExecutionListener [org.springframework.test.context.web.ServletTestExecutionListener@fa4c865] to prepare test instance [com.c.test.domain.StrategyArmoryDispatchTest@120d3fd]
java.lang.IllegalStateException: Failed to load ApplicationContext
	at org.springframework.test.context.cache.DefaultCacheAwareContextLoaderDelegate.loadContext(DefaultCacheAwareContextLoaderDelegate.java:98)
	at org.springframework.test.context.support.DefaultTestContext.getApplicationContext(DefaultTestContext.java:124)
	at org.springframework.test.context.web.ServletTestExecutionListener.setUpRequestContextIfNecessary(ServletTestExecutionListener.java:190)
	at org.springframework.test.context.web.ServletTestExecutionListener.prepareTestInstance(ServletTestExecutionListener.java:132)
	at org.springframework.test.context.TestContextManager.prepareTestInstance(TestContextManager.java:248)
	at org.springframework.test.context.junit4.SpringJUnit4ClassRunner.createTest(SpringJUnit4ClassRunner.java:227)
	at org.springframework.test.context.junit4.SpringJUnit4ClassRunner$1.runReflectiveCall(SpringJUnit4ClassRunner.java:289)
	at org.junit.internal.runners.model.ReflectiveCallable.run(ReflectiveCallable.java:12)
	at org.springframework.test.context.junit4.SpringJUnit4ClassRunner.methodBlock(SpringJUnit4ClassRunner.java:291)
	at org.springframework.test.context.junit4.SpringJUnit4ClassRunner.runChild(SpringJUnit4ClassRunner.java:246)
	at org.springframework.test.context.junit4.SpringJUnit4ClassRunner.runChild(SpringJUnit4ClassRunner.java:97)
	at org.junit.runners.ParentRunner$4.run(ParentRunner.java:331)
	at org.junit.runners.ParentRunner$1.schedule(ParentRunner.java:79)
	at org.junit.runners.ParentRunner.runChildren(ParentRunner.java:329)
	at org.junit.runners.ParentRunner.access$100(ParentRunner.java:66)
	at org.junit.runners.ParentRunner$2.evaluate(ParentRunner.java:293)
	at org.springframework.test.context.junit4.statements.RunBeforeTestClassCallbacks.evaluate(RunBeforeTestClassCallbacks.java:61)
	at org.springframework.test.context.junit4.statements.RunAfterTestClassCallbacks.evaluate(RunAfterTestClassCallbacks.java:70)
	at org.junit.runners.ParentRunner$3.evaluate(ParentRunner.java:306)
	at org.junit.runners.ParentRunner.run(ParentRunner.java:413)
	at org.springframework.test.context.junit4.SpringJUnit4ClassRunner.run(SpringJUnit4ClassRunner.java:190)
	at org.junit.runner.JUnitCore.run(JUnitCore.java:137)
	at com.intellij.junit4.JUnit4IdeaTestRunner.startRunnerWithArgs(JUnit4IdeaTestRunner.java:69)
	at com.intellij.rt.junit.IdeaTestRunner$Repeater$1.execute(IdeaTestRunner.java:38)
	at com.intellij.rt.execution.junit.TestsRepeater.repeat(TestsRepeater.java:11)
	at com.intellij.rt.junit.IdeaTestRunner$Repeater.startRunnerWithArgs(IdeaTestRunner.java:35)
	at com.intellij.rt.junit.JUnitStarter.prepareStreamsAndStart(JUnitStarter.java:231)
	at com.intellij.rt.junit.JUnitStarter.main(JUnitStarter.java:55)
Caused by: org.springframework.beans.factory.BeanCreationException: Error creating bean with name 'strategyArmory': Injection of resource dependencies failed; nested exception is org.springframework.beans.factory.NoSuchBeanDefinitionException: No qualifying bean of type 'com.c.domain.strategy.repository.IStrategyRepository' available: expected at least 1 bean which qualifies as autowire candidate. Dependency annotations: {@javax.annotation.Resource(shareable=true, lookup=, name=, description=, authenticationType=CONTAINER, type=class java.lang.Object, mappedName=)}
	at org.springframework.context.annotation.CommonAnnotationBeanPostProcessor.postProcessProperties(CommonAnnotationBeanPostProcessor.java:332)
	at org.springframework.beans.factory.support.AbstractAutowireCapableBeanFactory.populateBean(AbstractAutowireCapableBeanFactory.java:1431)
	at org.springframework.beans.factory.support.AbstractAutowireCapableBeanFactory.doCreateBean(AbstractAutowireCapableBeanFactory.java:619)
	at org.springframework.beans.factory.support.AbstractAutowireCapableBeanFactory.createBean(AbstractAutowireCapableBeanFactory.java:542)
	at org.springframework.beans.factory.support.AbstractBeanFactory.lambda$doGetBean$0(AbstractBeanFactory.java:335)
	at org.springframework.beans.factory.support.DefaultSingletonBeanRegistry.getSingleton(DefaultSingletonBeanRegistry.java:234)
	at org.springframework.beans.factory.support.AbstractBeanFactory.doGetBean(AbstractBeanFactory.java:333)
	at org.springframework.beans.factory.support.AbstractBeanFactory.getBean(AbstractBeanFactory.java:208)
	at org.springframework.beans.factory.support.DefaultListableBeanFactory.preInstantiateSingletons(DefaultListableBeanFactory.java:955)
	at org.springframework.context.support.AbstractApplicationContext.finishBeanFactoryInitialization(AbstractApplicationContext.java:920)
	at org.springframework.context.support.AbstractApplicationContext.refresh(AbstractApplicationContext.java:583)
	at org.springframework.boot.SpringApplication.refresh(SpringApplication.java:731)
	at org.springframework.boot.SpringApplication.refreshContext(SpringApplication.java:408)
	at org.springframework.boot.SpringApplication.run(SpringApplication.java:307)
	at org.springframework.boot.test.context.SpringBootContextLoader.loadContext(SpringBootContextLoader.java:136)
	at org.springframework.test.context.cache.DefaultCacheAwareContextLoaderDelegate.loadContextInternal(DefaultCacheAwareContextLoaderDelegate.java:141)
	at org.springframework.test.context.cache.DefaultCacheAwareContextLoaderDelegate.loadContext(DefaultCacheAwareContextLoaderDelegate.java:90)
	... 27 common frames omitted
Caused by: org.springframework.beans.factory.NoSuchBeanDefinitionException: No qualifying bean of type 'com.c.domain.strategy.repository.IStrategyRepository' available: expected at least 1 bean which qualifies as autowire candidate. Dependency annotations: {@javax.annotation.Resource(shareable=true, lookup=, name=, description=, authenticationType=CONTAINER, type=class java.lang.Object, mappedName=)}
	at org.springframework.beans.factory.support.DefaultListableBeanFactory.raiseNoMatchingBeanFound(DefaultListableBeanFactory.java:1801)
	at org.springframework.beans.factory.support.DefaultListableBeanFactory.doResolveDependency(DefaultListableBeanFactory.java:1357)
	at org.springframework.beans.factory.support.DefaultListableBeanFactory.resolveDependency(DefaultListableBeanFactory.java:1311)
	at org.springframework.context.annotation.CommonAnnotationBeanPostProcessor.autowireResource(CommonAnnotationBeanPostProcessor.java:544)
	at org.springframework.context.annotation.CommonAnnotationBeanPostProcessor.getResource(CommonAnnotationBeanPostProcessor.java:520)
	at org.springframework.context.annotation.CommonAnnotationBeanPostProcessor$ResourceElement.getResourceToInject(CommonAnnotationBeanPostProcessor.java:673)
	at org.springframework.beans.factory.annotation.InjectionMetadata$InjectedElement.inject(InjectionMetadata.java:228)
	at org.springframework.beans.factory.annotation.InjectionMetadata.inject(InjectionMetadata.java:119)
	at org.springframework.context.annotation.CommonAnnotationBeanPostProcessor.postProcessProperties(CommonAnnotationBeanPostProcessor.java:329)
	... 43 common frames omitted
26-01-16.15:38:23.226 [main            ] INFO  StrategyArmoryTest     - Starting StrategyArmoryTest using Java 1.8.0_462 on User1 with PID 16636 (started by hafutpurs in E:\2JavaCode\BigMarket\big-market\big-market-app)
26-01-16.15:38:23.228 [main            ] INFO  StrategyArmoryTest     - The following 1 profile is active: "dev"
26-01-16.15:38:24.001 [main            ] INFO  RepositoryConfigurationDelegate - Multiple Spring Data modules found, entering strict repository configuration mode
26-01-16.15:38:24.005 [main            ] INFO  RepositoryConfigurationDelegate - Bootstrapping Spring Data Redis repositories in DEFAULT mode.
26-01-16.15:38:24.029 [main            ] INFO  RepositoryConfigurationDelegate - Finished Spring Data repository scanning in 9 ms. Found 0 Redis repository interfaces.
26-01-16.15:38:25.145 [main            ] INFO  Version                - Redisson 3.23.4
26-01-16.15:38:25.608 [redisson-netty-2-4] INFO  MasterPubSubConnectionPool - 1 connections initialized for 192.168.21.130/192.168.21.130:16379
26-01-16.15:38:25.621 [redisson-netty-2-13] INFO  MasterConnectionPool   - 5 connections initialized for 192.168.21.130/192.168.21.130:16379
26-01-16.15:38:27.527 [main            ] INFO  EndpointLinksResolver  - Exposing 1 endpoint(s) beneath base path '/actuator'
26-01-16.15:38:27.594 [main            ] INFO  StrategyArmoryTest     - Started StrategyArmoryTest in 4.831 seconds (JVM running for 5.635)
26-01-16.15:38:27.848 [main            ] INFO  HikariDataSource       - HikariPool-1 - Starting...
26-01-16.15:38:28.093 [main            ] INFO  HikariDataSource       - HikariPool-1 - Start completed.
26-01-16.15:38:28.220 [SpringApplicationShutdownHook] INFO  HikariDataSource       - HikariPool-1 - Shutdown initiated...
26-01-16.15:38:28.226 [SpringApplicationShutdownHook] INFO  HikariDataSource       - HikariPool-1 - Shutdown completed.
26-01-16.15:39:28.582 [main            ] INFO  StrategyArmoryTest     - Starting StrategyArmoryTest using Java 1.8.0_462 on User1 with PID 7904 (started by hafutpurs in E:\2JavaCode\BigMarket\big-market\big-market-app)
26-01-16.15:39:28.583 [main            ] INFO  StrategyArmoryTest     - The following 1 profile is active: "dev"
26-01-16.15:39:29.427 [main            ] INFO  RepositoryConfigurationDelegate - Multiple Spring Data modules found, entering strict repository configuration mode
26-01-16.15:39:29.429 [main            ] INFO  RepositoryConfigurationDelegate - Bootstrapping Spring Data Redis repositories in DEFAULT mode.
26-01-16.15:39:29.457 [main            ] INFO  RepositoryConfigurationDelegate - Finished Spring Data repository scanning in 11 ms. Found 0 Redis repository interfaces.
26-01-16.15:39:30.712 [main            ] INFO  Version                - Redisson 3.23.4
26-01-16.15:39:31.246 [redisson-netty-2-4] INFO  MasterPubSubConnectionPool - 1 connections initialized for 192.168.21.130/192.168.21.130:16379
26-01-16.15:39:31.273 [redisson-netty-2-13] INFO  MasterConnectionPool   - 5 connections initialized for 192.168.21.130/192.168.21.130:16379
26-01-16.15:39:33.566 [main            ] INFO  EndpointLinksResolver  - Exposing 1 endpoint(s) beneath base path '/actuator'
26-01-16.15:39:33.635 [main            ] INFO  StrategyArmoryTest     - Started StrategyArmoryTest in 5.549 seconds (JVM running for 6.324)
26-01-16.15:39:33.950 [main            ] INFO  StrategyArmoryTest     - 测试结果null-奖品ID值
26-01-16.15:39:33.952 [main            ] INFO  StrategyArmoryTest     - 测试结果null-奖品ID值
26-01-16.15:39:33.954 [main            ] INFO  StrategyArmoryTest     - 测试结果null-奖品ID值
26-01-16.15:53:55.244 [main            ] INFO  StrategyArmoryTest     - Starting StrategyArmoryTest using Java 1.8.0_462 on User1 with PID 22164 (started by hafutpurs in E:\2JavaCode\BigMarket\big-market\big-market-app)
26-01-16.15:53:55.246 [main            ] INFO  StrategyArmoryTest     - The following 1 profile is active: "dev"
26-01-16.15:53:56.387 [main            ] INFO  RepositoryConfigurationDelegate - Multiple Spring Data modules found, entering strict repository configuration mode
26-01-16.15:53:56.393 [main            ] INFO  RepositoryConfigurationDelegate - Bootstrapping Spring Data Redis repositories in DEFAULT mode.
26-01-16.15:53:56.432 [main            ] INFO  RepositoryConfigurationDelegate - Finished Spring Data repository scanning in 14 ms. Found 0 Redis repository interfaces.
26-01-16.15:53:58.485 [main            ] INFO  Version                - Redisson 3.23.4
26-01-16.15:53:59.504 [redisson-netty-2-4] INFO  MasterPubSubConnectionPool - 1 connections initialized for 192.168.21.130/192.168.21.130:16379
26-01-16.15:53:59.532 [redisson-netty-2-13] INFO  MasterConnectionPool   - 5 connections initialized for 192.168.21.130/192.168.21.130:16379
26-01-16.15:54:02.696 [main            ] INFO  EndpointLinksResolver  - Exposing 1 endpoint(s) beneath base path '/actuator'
26-01-16.15:54:02.781 [main            ] INFO  StrategyArmoryTest     - Started StrategyArmoryTest in 8.38 seconds (JVM running for 10.26)
26-01-16.15:54:10.245 [main            ] INFO  StrategyArmoryTest     - Starting StrategyArmoryTest using Java 1.8.0_462 on User1 with PID 15532 (started by hafutpurs in E:\2JavaCode\BigMarket\big-market\big-market-app)
26-01-16.15:54:10.246 [main            ] INFO  StrategyArmoryTest     - The following 1 profile is active: "dev"
26-01-16.15:54:11.076 [main            ] INFO  RepositoryConfigurationDelegate - Multiple Spring Data modules found, entering strict repository configuration mode
26-01-16.15:54:11.081 [main            ] INFO  RepositoryConfigurationDelegate - Bootstrapping Spring Data Redis repositories in DEFAULT mode.
26-01-16.15:54:11.103 [main            ] INFO  RepositoryConfigurationDelegate - Finished Spring Data repository scanning in 9 ms. Found 0 Redis repository interfaces.
26-01-16.15:54:12.541 [main            ] INFO  Version                - Redisson 3.23.4
26-01-16.15:54:13.190 [redisson-netty-2-4] INFO  MasterPubSubConnectionPool - 1 connections initialized for 192.168.21.130/192.168.21.130:16379
26-01-16.15:54:13.207 [redisson-netty-2-13] INFO  MasterConnectionPool   - 5 connections initialized for 192.168.21.130/192.168.21.130:16379
26-01-16.15:54:15.527 [main            ] INFO  EndpointLinksResolver  - Exposing 1 endpoint(s) beneath base path '/actuator'
26-01-16.15:54:15.605 [main            ] INFO  StrategyArmoryTest     - Started StrategyArmoryTest in 5.893 seconds (JVM running for 7.057)
26-01-16.15:54:19.247 [main            ] INFO  StrategyArmoryTest     - Starting StrategyArmoryTest using Java 1.8.0_462 on User1 with PID 23016 (started by hafutpurs in E:\2JavaCode\BigMarket\big-market\big-market-app)
26-01-16.15:54:19.248 [main            ] INFO  StrategyArmoryTest     - The following 1 profile is active: "dev"
26-01-16.15:54:19.913 [main            ] INFO  RepositoryConfigurationDelegate - Multiple Spring Data modules found, entering strict repository configuration mode
26-01-16.15:54:19.915 [main            ] INFO  RepositoryConfigurationDelegate - Bootstrapping Spring Data Redis repositories in DEFAULT mode.
26-01-16.15:54:19.934 [main            ] INFO  RepositoryConfigurationDelegate - Finished Spring Data repository scanning in 8 ms. Found 0 Redis repository interfaces.
26-01-16.15:54:20.900 [main            ] INFO  Version                - Redisson 3.23.4
26-01-16.15:54:21.321 [redisson-netty-2-4] INFO  MasterPubSubConnectionPool - 1 connections initialized for 192.168.21.130/192.168.21.130:16379
26-01-16.15:54:21.335 [redisson-netty-2-13] INFO  MasterConnectionPool   - 5 connections initialized for 192.168.21.130/192.168.21.130:16379
26-01-16.15:54:23.081 [main            ] INFO  EndpointLinksResolver  - Exposing 1 endpoint(s) beneath base path '/actuator'
26-01-16.15:54:23.133 [main            ] INFO  StrategyArmoryTest     - Started StrategyArmoryTest in 4.304 seconds (JVM running for 5.031)
26-01-16.15:54:23.351 [main            ] INFO  HikariDataSource       - HikariPool-1 - Starting...
26-01-16.15:54:23.521 [main            ] INFO  HikariDataSource       - HikariPool-1 - Start completed.
26-01-16.15:54:23.649 [SpringApplicationShutdownHook] INFO  HikariDataSource       - HikariPool-1 - Shutdown initiated...
26-01-16.15:54:23.657 [SpringApplicationShutdownHook] INFO  HikariDataSource       - HikariPool-1 - Shutdown completed.
26-01-16.15:54:52.117 [main            ] INFO  StrategyArmoryTest     - Starting StrategyArmoryTest using Java 1.8.0_462 on User1 with PID 7644 (started by hafutpurs in E:\2JavaCode\BigMarket\big-market\big-market-app)
26-01-16.15:54:52.118 [main            ] INFO  StrategyArmoryTest     - The following 1 profile is active: "dev"
26-01-16.15:54:52.794 [main            ] INFO  RepositoryConfigurationDelegate - Multiple Spring Data modules found, entering strict repository configuration mode
26-01-16.15:54:52.797 [main            ] INFO  RepositoryConfigurationDelegate - Bootstrapping Spring Data Redis repositories in DEFAULT mode.
26-01-16.15:54:52.820 [main            ] INFO  RepositoryConfigurationDelegate - Finished Spring Data repository scanning in 9 ms. Found 0 Redis repository interfaces.
26-01-16.15:54:53.944 [main            ] INFO  Version                - Redisson 3.23.4
26-01-16.15:54:54.412 [redisson-netty-2-4] INFO  MasterPubSubConnectionPool - 1 connections initialized for 192.168.21.130/192.168.21.130:16379
26-01-16.15:54:54.431 [redisson-netty-2-13] INFO  MasterConnectionPool   - 5 connections initialized for 192.168.21.130/192.168.21.130:16379
26-01-16.15:54:56.355 [main            ] INFO  EndpointLinksResolver  - Exposing 1 endpoint(s) beneath base path '/actuator'
26-01-16.15:54:56.412 [main            ] INFO  StrategyArmoryTest     - Started StrategyArmoryTest in 4.792 seconds (JVM running for 5.563)
26-01-16.15:54:56.699 [main            ] INFO  StrategyArmoryTest     - 测试结果101-奖品ID值
26-01-16.15:54:56.701 [main            ] INFO  StrategyArmoryTest     - 测试结果101-奖品ID值
26-01-16.15:54:56.705 [main            ] INFO  StrategyArmoryTest     - 测试结果101-奖品ID值
26-01-16.16:43:24.027 [main            ] INFO  StrategyArmoryTest     - Starting StrategyArmoryTest using Java 1.8.0_462 on User1 with PID 21644 (started by hafutpurs in E:\2JavaCode\BigMarket\big-market\big-market-app)
26-01-16.16:43:24.029 [main            ] INFO  StrategyArmoryTest     - The following 1 profile is active: "dev"
26-01-16.16:43:24.800 [main            ] INFO  RepositoryConfigurationDelegate - Multiple Spring Data modules found, entering strict repository configuration mode
26-01-16.16:43:24.803 [main            ] INFO  RepositoryConfigurationDelegate - Bootstrapping Spring Data Redis repositories in DEFAULT mode.
26-01-16.16:43:24.825 [main            ] INFO  RepositoryConfigurationDelegate - Finished Spring Data repository scanning in 8 ms. Found 0 Redis repository interfaces.
26-01-16.16:43:25.952 [main            ] INFO  Version                - Redisson 3.23.4
26-01-16.16:43:26.398 [redisson-netty-2-4] INFO  MasterPubSubConnectionPool - 1 connections initialized for 192.168.21.130/192.168.21.130:16379
26-01-16.16:43:26.414 [redisson-netty-2-13] INFO  MasterConnectionPool   - 5 connections initialized for 192.168.21.130/192.168.21.130:16379
26-01-16.16:43:28.246 [main            ] INFO  EndpointLinksResolver  - Exposing 1 endpoint(s) beneath base path '/actuator'
26-01-16.16:43:28.313 [main            ] INFO  StrategyArmoryTest     - Started StrategyArmoryTest in 4.755 seconds (JVM running for 5.612)
26-01-16.16:43:28.558 [main            ] INFO  HikariDataSource       - HikariPool-1 - Starting...
26-01-16.16:43:28.731 [main            ] INFO  HikariDataSource       - HikariPool-1 - Start completed.
26-01-16.16:43:29.000 [SpringApplicationShutdownHook] INFO  HikariDataSource       - HikariPool-1 - Shutdown initiated...
26-01-16.16:43:29.012 [SpringApplicationShutdownHook] INFO  HikariDataSource       - HikariPool-1 - Shutdown completed.
26-01-16.16:43:44.939 [main            ] INFO  StrategyArmoryTest     - Starting StrategyArmoryTest using Java 1.8.0_462 on User1 with PID 20724 (started by hafutpurs in E:\2JavaCode\BigMarket\big-market\big-market-app)
26-01-16.16:43:44.940 [main            ] INFO  StrategyArmoryTest     - The following 1 profile is active: "dev"
26-01-16.16:43:45.640 [main            ] INFO  RepositoryConfigurationDelegate - Multiple Spring Data modules found, entering strict repository configuration mode
26-01-16.16:43:45.643 [main            ] INFO  RepositoryConfigurationDelegate - Bootstrapping Spring Data Redis repositories in DEFAULT mode.
26-01-16.16:43:45.666 [main            ] INFO  RepositoryConfigurationDelegate - Finished Spring Data repository scanning in 10 ms. Found 0 Redis repository interfaces.
26-01-16.16:43:46.713 [main            ] INFO  Version                - Redisson 3.23.4
26-01-16.16:43:47.139 [redisson-netty-2-4] INFO  MasterPubSubConnectionPool - 1 connections initialized for 192.168.21.130/192.168.21.130:16379
26-01-16.16:43:47.154 [redisson-netty-2-13] INFO  MasterConnectionPool   - 5 connections initialized for 192.168.21.130/192.168.21.130:16379
26-01-16.16:43:48.915 [main            ] INFO  EndpointLinksResolver  - Exposing 1 endpoint(s) beneath base path '/actuator'
26-01-16.16:43:48.965 [main            ] INFO  StrategyArmoryTest     - Started StrategyArmoryTest in 4.462 seconds (JVM running for 5.467)
26-01-16.16:43:49.300 [main            ] INFO  StrategyArmoryTest     - 测试结果101-奖品ID值
26-01-16.16:43:49.303 [main            ] INFO  StrategyArmoryTest     - 测试结果101-奖品ID值
26-01-16.16:43:49.305 [main            ] INFO  StrategyArmoryTest     - 测试结果101-奖品ID值
26-01-16.16:44:09.575 [main            ] INFO  StrategyArmoryTest     - Starting StrategyArmoryTest using Java 1.8.0_462 on User1 with PID 16828 (started by hafutpurs in E:\2JavaCode\BigMarket\big-market\big-market-app)
26-01-16.16:44:09.577 [main            ] INFO  StrategyArmoryTest     - The following 1 profile is active: "dev"
26-01-16.16:44:10.261 [main            ] INFO  RepositoryConfigurationDelegate - Multiple Spring Data modules found, entering strict repository configuration mode
26-01-16.16:44:10.264 [main            ] INFO  RepositoryConfigurationDelegate - Bootstrapping Spring Data Redis repositories in DEFAULT mode.
26-01-16.16:44:10.284 [main            ] INFO  RepositoryConfigurationDelegate - Finished Spring Data repository scanning in 9 ms. Found 0 Redis repository interfaces.
26-01-16.16:44:11.235 [main            ] INFO  Version                - Redisson 3.23.4
26-01-16.16:44:11.645 [redisson-netty-2-4] INFO  MasterPubSubConnectionPool - 1 connections initialized for 192.168.21.130/192.168.21.130:16379
26-01-16.16:44:11.657 [redisson-netty-2-13] INFO  MasterConnectionPool   - 5 connections initialized for 192.168.21.130/192.168.21.130:16379
26-01-16.16:44:13.338 [main            ] INFO  EndpointLinksResolver  - Exposing 1 endpoint(s) beneath base path '/actuator'
26-01-16.16:44:13.395 [main            ] INFO  StrategyArmoryTest     - Started StrategyArmoryTest in 4.256 seconds (JVM running for 4.981)
26-01-16.16:44:13.764 [main            ] INFO  StrategyArmoryTest     - 测试结果101-奖品ID值
26-01-16.16:44:13.767 [main            ] INFO  StrategyArmoryTest     - 测试结果101-奖品ID值
26-01-16.16:44:13.770 [main            ] INFO  StrategyArmoryTest     - 测试结果101-奖品ID值
26-01-16.16:44:13.771 [main            ] INFO  StrategyArmoryTest     - 测试结果101-奖品ID值
26-01-16.16:44:13.774 [main            ] INFO  StrategyArmoryTest     - 测试结果101-奖品ID值
26-01-16.16:44:13.775 [main            ] INFO  StrategyArmoryTest     - 测试结果101-奖品ID值
26-01-16.16:44:13.779 [main            ] INFO  StrategyArmoryTest     - 测试结果101-奖品ID值
26-01-16.16:44:13.782 [main            ] INFO  StrategyArmoryTest     - 测试结果106-奖品ID值
26-01-16.16:44:13.784 [main            ] INFO  StrategyArmoryTest     - 测试结果101-奖品ID值
26-01-16.16:44:13.787 [main            ] INFO  StrategyArmoryTest     - 测试结果101-奖品ID值
26-01-16.16:44:13.789 [main            ] INFO  StrategyArmoryTest     - 测试结果101-奖品ID值
26-01-16.16:44:13.792 [main            ] INFO  StrategyArmoryTest     - 测试结果101-奖品ID值
26-01-16.16:44:13.793 [main            ] INFO  StrategyArmoryTest     - 测试结果101-奖品ID值
26-01-16.16:44:13.796 [main            ] INFO  StrategyArmoryTest     - 测试结果101-奖品ID值
26-01-16.16:44:13.798 [main            ] INFO  StrategyArmoryTest     - 测试结果101-奖品ID值
26-01-16.16:44:13.800 [main            ] INFO  StrategyArmoryTest     - 测试结果101-奖品ID值
26-01-16.16:44:13.803 [main            ] INFO  StrategyArmoryTest     - 测试结果101-奖品ID值
26-01-16.16:44:13.804 [main            ] INFO  StrategyArmoryTest     - 测试结果101-奖品ID值
26-01-16.16:44:13.806 [main            ] INFO  StrategyArmoryTest     - 测试结果101-奖品ID值
26-01-16.16:44:13.809 [main            ] INFO  StrategyArmoryTest     - 测试结果102-奖品ID值
26-01-16.16:44:13.810 [main            ] INFO  StrategyArmoryTest     - 测试结果106-奖品ID值
26-01-16.16:44:13.812 [main            ] INFO  StrategyArmoryTest     - 测试结果101-奖品ID值
26-01-16.16:44:13.814 [main            ] INFO  StrategyArmoryTest     - 测试结果101-奖品ID值
26-01-16.16:44:13.815 [main            ] INFO  StrategyArmoryTest     - 测试结果101-奖品ID值
26-01-16.16:44:13.817 [main            ] INFO  StrategyArmoryTest     - 测试结果101-奖品ID值
26-01-16.16:44:13.819 [main            ] INFO  StrategyArmoryTest     - 测试结果101-奖品ID值
26-01-16.16:44:13.820 [main            ] INFO  StrategyArmoryTest     - 测试结果102-奖品ID值
26-01-16.16:44:13.822 [main            ] INFO  StrategyArmoryTest     - 测试结果101-奖品ID值
26-01-16.16:44:13.824 [main            ] INFO  StrategyArmoryTest     - 测试结果101-奖品ID值
26-01-16.16:44:13.826 [main            ] INFO  StrategyArmoryTest     - 测试结果102-奖品ID值
26-01-16.16:44:13.827 [main            ] INFO  StrategyArmoryTest     - 测试结果101-奖品ID值
26-01-16.16:44:13.829 [main            ] INFO  StrategyArmoryTest     - 测试结果101-奖品ID值
26-01-16.16:44:13.830 [main            ] INFO  StrategyArmoryTest     - 测试结果101-奖品ID值
26-01-16.16:44:13.833 [main            ] INFO  StrategyArmoryTest     - 测试结果101-奖品ID值
26-01-16.16:44:13.835 [main            ] INFO  StrategyArmoryTest     - 测试结果102-奖品ID值
26-01-16.16:44:13.836 [main            ] INFO  StrategyArmoryTest     - 测试结果101-奖品ID值
26-01-16.21:12:19.531 [main            ] INFO  StrategyArmoryTest     - Starting StrategyArmoryTest using Java 1.8.0_462 on User1 with PID 16928 (started by hafutpurs in E:\2JavaCode\BigMarket\big-market\big-market-app)
26-01-16.21:12:19.532 [main            ] INFO  StrategyArmoryTest     - The following 1 profile is active: "dev"
26-01-16.21:12:20.459 [main            ] INFO  RepositoryConfigurationDelegate - Multiple Spring Data modules found, entering strict repository configuration mode
26-01-16.21:12:20.463 [main            ] INFO  RepositoryConfigurationDelegate - Bootstrapping Spring Data Redis repositories in DEFAULT mode.
26-01-16.21:12:20.491 [main            ] INFO  RepositoryConfigurationDelegate - Finished Spring Data repository scanning in 10 ms. Found 0 Redis repository interfaces.
26-01-16.21:12:21.734 [main            ] INFO  Version                - Redisson 3.23.4
26-01-16.21:12:22.196 [redisson-netty-2-4] INFO  MasterPubSubConnectionPool - 1 connections initialized for 192.168.21.130/192.168.21.130:16379
26-01-16.21:12:22.212 [redisson-netty-2-13] INFO  MasterConnectionPool   - 5 connections initialized for 192.168.21.130/192.168.21.130:16379
26-01-16.21:12:24.166 [main            ] INFO  EndpointLinksResolver  - Exposing 1 endpoint(s) beneath base path '/actuator'
26-01-16.21:12:24.219 [main            ] INFO  StrategyArmoryTest     - Started StrategyArmoryTest in 5.158 seconds (JVM running for 6.23)
26-01-16.21:12:24.294 [main            ] ERROR TestContextManager     - Caught exception while allowing TestExecutionListener [org.springframework.boot.test.autoconfigure.SpringBootDependencyInjectionTestExecutionListener@63475ace] to prepare test instance [com.c.test.domain.StrategyArmoryDispatchTest@3688baab]
org.springframework.beans.factory.BeanCreationException: Error creating bean with name 'com.c.test.domain.StrategyArmoryDispatchTest': Injection of resource dependencies failed; nested exception is org.springframework.beans.factory.NoSuchBeanDefinitionException: No qualifying bean of type 'com.c.domain.strategy.service.armory.StrategyArmoryDispatch' available: expected at least 1 bean which qualifies as autowire candidate. Dependency annotations: {@javax.annotation.Resource(shareable=true, lookup=, name=, description=, authenticationType=CONTAINER, type=class java.lang.Object, mappedName=)}
	at org.springframework.context.annotation.CommonAnnotationBeanPostProcessor.postProcessProperties(CommonAnnotationBeanPostProcessor.java:332)
	at org.springframework.beans.factory.support.AbstractAutowireCapableBeanFactory.populateBean(AbstractAutowireCapableBeanFactory.java:1431)
	at org.springframework.beans.factory.support.AbstractAutowireCapableBeanFactory.autowireBeanProperties(AbstractAutowireCapableBeanFactory.java:417)
	at org.springframework.test.context.support.DependencyInjectionTestExecutionListener.injectDependencies(DependencyInjectionTestExecutionListener.java:119)
	at org.springframework.test.context.support.DependencyInjectionTestExecutionListener.prepareTestInstance(DependencyInjectionTestExecutionListener.java:83)
	at org.springframework.boot.test.autoconfigure.SpringBootDependencyInjectionTestExecutionListener.prepareTestInstance(SpringBootDependencyInjectionTestExecutionListener.java:43)
	at org.springframework.test.context.TestContextManager.prepareTestInstance(TestContextManager.java:248)
	at org.springframework.test.context.junit4.SpringJUnit4ClassRunner.createTest(SpringJUnit4ClassRunner.java:227)
	at org.springframework.test.context.junit4.SpringJUnit4ClassRunner$1.runReflectiveCall(SpringJUnit4ClassRunner.java:289)
	at org.junit.internal.runners.model.ReflectiveCallable.run(ReflectiveCallable.java:12)
	at org.springframework.test.context.junit4.SpringJUnit4ClassRunner.methodBlock(SpringJUnit4ClassRunner.java:291)
	at org.springframework.test.context.junit4.SpringJUnit4ClassRunner.runChild(SpringJUnit4ClassRunner.java:246)
	at org.springframework.test.context.junit4.SpringJUnit4ClassRunner.runChild(SpringJUnit4ClassRunner.java:97)
	at org.junit.runners.ParentRunner$4.run(ParentRunner.java:331)
	at org.junit.runners.ParentRunner$1.schedule(ParentRunner.java:79)
	at org.junit.runners.ParentRunner.runChildren(ParentRunner.java:329)
	at org.junit.runners.ParentRunner.access$100(ParentRunner.java:66)
	at org.junit.runners.ParentRunner$2.evaluate(ParentRunner.java:293)
	at org.springframework.test.context.junit4.statements.RunBeforeTestClassCallbacks.evaluate(RunBeforeTestClassCallbacks.java:61)
	at org.springframework.test.context.junit4.statements.RunAfterTestClassCallbacks.evaluate(RunAfterTestClassCallbacks.java:70)
	at org.junit.runners.ParentRunner$3.evaluate(ParentRunner.java:306)
	at org.junit.runners.ParentRunner.run(ParentRunner.java:413)
	at org.springframework.test.context.junit4.SpringJUnit4ClassRunner.run(SpringJUnit4ClassRunner.java:190)
	at org.junit.runner.JUnitCore.run(JUnitCore.java:137)
	at com.intellij.junit4.JUnit4IdeaTestRunner.startRunnerWithArgs(JUnit4IdeaTestRunner.java:69)
	at com.intellij.rt.junit.IdeaTestRunner$Repeater$1.execute(IdeaTestRunner.java:38)
	at com.intellij.rt.execution.junit.TestsRepeater.repeat(TestsRepeater.java:11)
	at com.intellij.rt.junit.IdeaTestRunner$Repeater.startRunnerWithArgs(IdeaTestRunner.java:35)
	at com.intellij.rt.junit.JUnitStarter.prepareStreamsAndStart(JUnitStarter.java:231)
	at com.intellij.rt.junit.JUnitStarter.main(JUnitStarter.java:55)
Caused by: org.springframework.beans.factory.NoSuchBeanDefinitionException: No qualifying bean of type 'com.c.domain.strategy.service.armory.StrategyArmoryDispatch' available: expected at least 1 bean which qualifies as autowire candidate. Dependency annotations: {@javax.annotation.Resource(shareable=true, lookup=, name=, description=, authenticationType=CONTAINER, type=class java.lang.Object, mappedName=)}
	at org.springframework.beans.factory.support.DefaultListableBeanFactory.raiseNoMatchingBeanFound(DefaultListableBeanFactory.java:1801)
	at org.springframework.beans.factory.support.DefaultListableBeanFactory.doResolveDependency(DefaultListableBeanFactory.java:1357)
	at org.springframework.beans.factory.support.DefaultListableBeanFactory.resolveDependency(DefaultListableBeanFactory.java:1311)
	at org.springframework.context.annotation.CommonAnnotationBeanPostProcessor.autowireResource(CommonAnnotationBeanPostProcessor.java:544)
	at org.springframework.context.annotation.CommonAnnotationBeanPostProcessor.getResource(CommonAnnotationBeanPostProcessor.java:520)
	at org.springframework.context.annotation.CommonAnnotationBeanPostProcessor$ResourceElement.getResourceToInject(CommonAnnotationBeanPostProcessor.java:673)
	at org.springframework.beans.factory.annotation.InjectionMetadata$InjectedElement.inject(InjectionMetadata.java:228)
	at org.springframework.beans.factory.annotation.InjectionMetadata.inject(InjectionMetadata.java:119)
	at org.springframework.context.annotation.CommonAnnotationBeanPostProcessor.postProcessProperties(CommonAnnotationBeanPostProcessor.java:329)
	... 29 common frames omitted
26-01-16.21:14:52.042 [main            ] INFO  StrategyArmoryTest     - Starting StrategyArmoryTest using Java 1.8.0_462 on User1 with PID 2780 (started by hafutpurs in E:\2JavaCode\BigMarket\big-market\big-market-app)
26-01-16.21:14:52.044 [main            ] INFO  StrategyArmoryTest     - The following 1 profile is active: "dev"
26-01-16.21:14:52.752 [main            ] INFO  RepositoryConfigurationDelegate - Multiple Spring Data modules found, entering strict repository configuration mode
26-01-16.21:14:52.755 [main            ] INFO  RepositoryConfigurationDelegate - Bootstrapping Spring Data Redis repositories in DEFAULT mode.
26-01-16.21:14:52.774 [main            ] INFO  RepositoryConfigurationDelegate - Finished Spring Data repository scanning in 8 ms. Found 0 Redis repository interfaces.
26-01-16.21:14:53.722 [main            ] INFO  Version                - Redisson 3.23.4
26-01-16.21:14:54.143 [redisson-netty-2-5] INFO  MasterPubSubConnectionPool - 1 connections initialized for 192.168.21.130/192.168.21.130:16379
26-01-16.21:14:54.156 [redisson-netty-2-13] INFO  MasterConnectionPool   - 5 connections initialized for 192.168.21.130/192.168.21.130:16379
26-01-16.21:14:55.827 [main            ] INFO  EndpointLinksResolver  - Exposing 1 endpoint(s) beneath base path '/actuator'
26-01-16.21:14:55.878 [main            ] INFO  StrategyArmoryTest     - Started StrategyArmoryTest in 4.268 seconds (JVM running for 5.019)
26-01-16.21:14:56.144 [main            ] INFO  HikariDataSource       - HikariPool-1 - Starting...
26-01-16.21:14:56.405 [main            ] INFO  HikariDataSource       - HikariPool-1 - Start completed.
26-01-16.21:14:56.673 [SpringApplicationShutdownHook] INFO  HikariDataSource       - HikariPool-1 - Shutdown initiated...
26-01-16.21:14:56.683 [SpringApplicationShutdownHook] INFO  HikariDataSource       - HikariPool-1 - Shutdown completed.
26-01-16.21:15:57.652 [main            ] INFO  StrategyArmoryTest     - Starting StrategyArmoryTest using Java 1.8.0_462 on User1 with PID 21856 (started by hafutpurs in E:\2JavaCode\BigMarket\big-market\big-market-app)
26-01-16.21:15:57.653 [main            ] INFO  StrategyArmoryTest     - The following 1 profile is active: "dev"
26-01-16.21:15:58.355 [main            ] INFO  RepositoryConfigurationDelegate - Multiple Spring Data modules found, entering strict repository configuration mode
26-01-16.21:15:58.359 [main            ] INFO  RepositoryConfigurationDelegate - Bootstrapping Spring Data Redis repositories in DEFAULT mode.
26-01-16.21:15:58.379 [main            ] INFO  RepositoryConfigurationDelegate - Finished Spring Data repository scanning in 8 ms. Found 0 Redis repository interfaces.
26-01-16.21:15:59.365 [main            ] INFO  Version                - Redisson 3.23.4
26-01-16.21:15:59.788 [redisson-netty-2-5] INFO  MasterPubSubConnectionPool - 1 connections initialized for 192.168.21.130/192.168.21.130:16379
26-01-16.21:15:59.801 [redisson-netty-2-13] INFO  MasterConnectionPool   - 5 connections initialized for 192.168.21.130/192.168.21.130:16379
26-01-16.21:16:01.529 [main            ] INFO  EndpointLinksResolver  - Exposing 1 endpoint(s) beneath base path '/actuator'
26-01-16.21:16:01.586 [main            ] INFO  StrategyArmoryTest     - Started StrategyArmoryTest in 4.361 seconds (JVM running for 5.106)
26-01-16.21:18:38.193 [main            ] INFO  StrategyArmoryTest     - Starting StrategyArmoryTest using Java 1.8.0_462 on User1 with PID 7912 (started by hafutpurs in E:\2JavaCode\BigMarket\big-market\big-market-app)
26-01-16.21:18:38.194 [main            ] INFO  StrategyArmoryTest     - The following 1 profile is active: "dev"
26-01-16.21:18:38.895 [main            ] INFO  RepositoryConfigurationDelegate - Multiple Spring Data modules found, entering strict repository configuration mode
26-01-16.21:18:38.900 [main            ] INFO  RepositoryConfigurationDelegate - Bootstrapping Spring Data Redis repositories in DEFAULT mode.
26-01-16.21:18:38.921 [main            ] INFO  RepositoryConfigurationDelegate - Finished Spring Data repository scanning in 9 ms. Found 0 Redis repository interfaces.
26-01-16.21:18:39.914 [main            ] INFO  Version                - Redisson 3.23.4
26-01-16.21:18:40.356 [redisson-netty-2-5] INFO  MasterPubSubConnectionPool - 1 connections initialized for 192.168.21.130/192.168.21.130:16379
26-01-16.21:18:40.372 [redisson-netty-2-13] INFO  MasterConnectionPool   - 5 connections initialized for 192.168.21.130/192.168.21.130:16379
26-01-16.21:18:42.053 [main            ] INFO  EndpointLinksResolver  - Exposing 1 endpoint(s) beneath base path '/actuator'
26-01-16.21:18:42.104 [main            ] INFO  StrategyArmoryTest     - Started StrategyArmoryTest in 4.333 seconds (JVM running for 5.073)
26-01-16.21:25:53.077 [main            ] INFO  StrategyArmoryTest     - Starting StrategyArmoryTest using Java 1.8.0_462 on User1 with PID 14212 (started by hafutpurs in E:\2JavaCode\BigMarket\big-market\big-market-app)
26-01-16.21:25:53.079 [main            ] INFO  StrategyArmoryTest     - The following 1 profile is active: "dev"
26-01-16.21:25:53.842 [main            ] INFO  RepositoryConfigurationDelegate - Multiple Spring Data modules found, entering strict repository configuration mode
26-01-16.21:25:53.845 [main            ] INFO  RepositoryConfigurationDelegate - Bootstrapping Spring Data Redis repositories in DEFAULT mode.
26-01-16.21:25:53.867 [main            ] INFO  RepositoryConfigurationDelegate - Finished Spring Data repository scanning in 10 ms. Found 0 Redis repository interfaces.
26-01-16.21:25:54.976 [main            ] INFO  Version                - Redisson 3.23.4
26-01-16.21:25:55.390 [redisson-netty-2-4] INFO  MasterPubSubConnectionPool - 1 connections initialized for 192.168.21.130/192.168.21.130:16379
26-01-16.21:25:55.404 [redisson-netty-2-13] INFO  MasterConnectionPool   - 5 connections initialized for 192.168.21.130/192.168.21.130:16379
26-01-16.21:25:57.165 [main            ] INFO  EndpointLinksResolver  - Exposing 1 endpoint(s) beneath base path '/actuator'
26-01-16.21:25:57.221 [main            ] INFO  StrategyArmoryTest     - Started StrategyArmoryTest in 4.606 seconds (JVM running for 5.39)
26-01-16.21:26:26.440 [main            ] INFO  StrategyArmoryTest     - Starting StrategyArmoryTest using Java 1.8.0_462 on User1 with PID 23216 (started by hafutpurs in E:\2JavaCode\BigMarket\big-market\big-market-app)
26-01-16.21:26:26.441 [main            ] INFO  StrategyArmoryTest     - The following 1 profile is active: "dev"
26-01-16.21:26:27.116 [main            ] INFO  RepositoryConfigurationDelegate - Multiple Spring Data modules found, entering strict repository configuration mode
26-01-16.21:26:27.119 [main            ] INFO  RepositoryConfigurationDelegate - Bootstrapping Spring Data Redis repositories in DEFAULT mode.
26-01-16.21:26:27.141 [main            ] INFO  RepositoryConfigurationDelegate - Finished Spring Data repository scanning in 9 ms. Found 0 Redis repository interfaces.
26-01-16.21:26:28.113 [main            ] INFO  Version                - Redisson 3.23.4
26-01-16.21:26:28.535 [redisson-netty-2-4] INFO  MasterPubSubConnectionPool - 1 connections initialized for 192.168.21.130/192.168.21.130:16379
26-01-16.21:26:28.548 [redisson-netty-2-13] INFO  MasterConnectionPool   - 5 connections initialized for 192.168.21.130/192.168.21.130:16379
26-01-16.21:26:30.183 [main            ] INFO  EndpointLinksResolver  - Exposing 1 endpoint(s) beneath base path '/actuator'
26-01-16.21:26:30.242 [main            ] INFO  StrategyArmoryTest     - Started StrategyArmoryTest in 4.228 seconds (JVM running for 5.071)
26-01-16.21:26:57.179 [main            ] INFO  StrategyArmoryTest     - Starting StrategyArmoryTest using Java 1.8.0_462 on User1 with PID 8816 (started by hafutpurs in E:\2JavaCode\BigMarket\big-market\big-market-app)
26-01-16.21:26:57.180 [main            ] INFO  StrategyArmoryTest     - The following 1 profile is active: "dev"
26-01-16.21:26:57.933 [main            ] INFO  RepositoryConfigurationDelegate - Multiple Spring Data modules found, entering strict repository configuration mode
26-01-16.21:26:57.936 [main            ] INFO  RepositoryConfigurationDelegate - Bootstrapping Spring Data Redis repositories in DEFAULT mode.
26-01-16.21:26:57.957 [main            ] INFO  RepositoryConfigurationDelegate - Finished Spring Data repository scanning in 9 ms. Found 0 Redis repository interfaces.
26-01-16.21:26:58.931 [main            ] INFO  Version                - Redisson 3.23.4
26-01-16.21:26:59.346 [redisson-netty-2-4] INFO  MasterPubSubConnectionPool - 1 connections initialized for 192.168.21.130/192.168.21.130:16379
26-01-16.21:26:59.361 [redisson-netty-2-13] INFO  MasterConnectionPool   - 5 connections initialized for 192.168.21.130/192.168.21.130:16379
26-01-16.21:27:01.110 [main            ] INFO  EndpointLinksResolver  - Exposing 1 endpoint(s) beneath base path '/actuator'
26-01-16.21:27:01.162 [main            ] INFO  StrategyArmoryTest     - Started StrategyArmoryTest in 4.428 seconds (JVM running for 5.314)
26-01-16.21:27:52.443 [main            ] INFO  StrategyArmoryTest     - Starting StrategyArmoryTest using Java 1.8.0_462 on User1 with PID 11904 (started by hafutpurs in E:\2JavaCode\BigMarket\big-market\big-market-app)
26-01-16.21:27:52.444 [main            ] INFO  StrategyArmoryTest     - The following 1 profile is active: "dev"
26-01-16.21:27:53.111 [main            ] INFO  RepositoryConfigurationDelegate - Multiple Spring Data modules found, entering strict repository configuration mode
26-01-16.21:27:53.114 [main            ] INFO  RepositoryConfigurationDelegate - Bootstrapping Spring Data Redis repositories in DEFAULT mode.
26-01-16.21:27:53.135 [main            ] INFO  RepositoryConfigurationDelegate - Finished Spring Data repository scanning in 9 ms. Found 0 Redis repository interfaces.
26-01-16.21:27:54.098 [main            ] INFO  Version                - Redisson 3.23.4
26-01-16.21:27:54.515 [redisson-netty-2-4] INFO  MasterPubSubConnectionPool - 1 connections initialized for 192.168.21.130/192.168.21.130:16379
26-01-16.21:27:54.531 [redisson-netty-2-13] INFO  MasterConnectionPool   - 5 connections initialized for 192.168.21.130/192.168.21.130:16379
26-01-16.21:27:56.206 [main            ] INFO  EndpointLinksResolver  - Exposing 1 endpoint(s) beneath base path '/actuator'
26-01-16.21:27:56.262 [main            ] INFO  StrategyArmoryTest     - Started StrategyArmoryTest in 4.262 seconds (JVM running for 5.004)
26-01-16.21:28:53.248 [main            ] INFO  StrategyArmoryTest     - Starting StrategyArmoryTest using Java 1.8.0_462 on User1 with PID 6084 (started by hafutpurs in E:\2JavaCode\BigMarket\big-market\big-market-app)
26-01-16.21:28:53.249 [main            ] INFO  StrategyArmoryTest     - The following 1 profile is active: "dev"
26-01-16.21:28:53.924 [main            ] INFO  RepositoryConfigurationDelegate - Multiple Spring Data modules found, entering strict repository configuration mode
26-01-16.21:28:53.926 [main            ] INFO  RepositoryConfigurationDelegate - Bootstrapping Spring Data Redis repositories in DEFAULT mode.
26-01-16.21:28:53.946 [main            ] INFO  RepositoryConfigurationDelegate - Finished Spring Data repository scanning in 8 ms. Found 0 Redis repository interfaces.
26-01-16.21:28:54.910 [main            ] INFO  Version                - Redisson 3.23.4
26-01-16.21:28:55.320 [redisson-netty-2-4] INFO  MasterPubSubConnectionPool - 1 connections initialized for 192.168.21.130/192.168.21.130:16379
26-01-16.21:28:55.335 [redisson-netty-2-13] INFO  MasterConnectionPool   - 5 connections initialized for 192.168.21.130/192.168.21.130:16379
26-01-16.21:28:57.076 [main            ] INFO  EndpointLinksResolver  - Exposing 1 endpoint(s) beneath base path '/actuator'
26-01-16.21:28:57.134 [main            ] INFO  StrategyArmoryTest     - Started StrategyArmoryTest in 4.315 seconds (JVM running for 5.112)
26-01-16.21:29:11.480 [main            ] INFO  StrategyArmoryTest     - Starting StrategyArmoryTest using Java 1.8.0_462 on User1 with PID 18820 (started by hafutpurs in E:\2JavaCode\BigMarket\big-market\big-market-app)
26-01-16.21:29:11.481 [main            ] INFO  StrategyArmoryTest     - The following 1 profile is active: "dev"
26-01-16.21:29:12.143 [main            ] INFO  RepositoryConfigurationDelegate - Multiple Spring Data modules found, entering strict repository configuration mode
26-01-16.21:29:12.146 [main            ] INFO  RepositoryConfigurationDelegate - Bootstrapping Spring Data Redis repositories in DEFAULT mode.
26-01-16.21:29:12.165 [main            ] INFO  RepositoryConfigurationDelegate - Finished Spring Data repository scanning in 8 ms. Found 0 Redis repository interfaces.
26-01-16.21:29:13.104 [main            ] INFO  Version                - Redisson 3.23.4
26-01-16.21:29:13.514 [redisson-netty-2-4] INFO  MasterPubSubConnectionPool - 1 connections initialized for 192.168.21.130/192.168.21.130:16379
26-01-16.21:29:13.528 [redisson-netty-2-13] INFO  MasterConnectionPool   - 5 connections initialized for 192.168.21.130/192.168.21.130:16379
26-01-16.21:29:15.214 [main            ] INFO  EndpointLinksResolver  - Exposing 1 endpoint(s) beneath base path '/actuator'
26-01-16.21:29:15.268 [main            ] INFO  StrategyArmoryTest     - Started StrategyArmoryTest in 4.211 seconds (JVM running for 4.941)
26-01-16.21:32:57.898 [main            ] INFO  StrategyArmoryTest     - Starting StrategyArmoryTest using Java 1.8.0_462 on User1 with PID 9808 (started by hafutpurs in E:\2JavaCode\BigMarket\big-market\big-market-app)
26-01-16.21:32:57.898 [main            ] INFO  StrategyArmoryTest     - The following 1 profile is active: "dev"
26-01-16.21:32:58.577 [main            ] INFO  RepositoryConfigurationDelegate - Multiple Spring Data modules found, entering strict repository configuration mode
26-01-16.21:32:58.580 [main            ] INFO  RepositoryConfigurationDelegate - Bootstrapping Spring Data Redis repositories in DEFAULT mode.
26-01-16.21:32:58.600 [main            ] INFO  RepositoryConfigurationDelegate - Finished Spring Data repository scanning in 9 ms. Found 0 Redis repository interfaces.
26-01-16.21:32:59.577 [main            ] INFO  Version                - Redisson 3.23.4
26-01-16.21:32:59.994 [redisson-netty-2-4] INFO  MasterPubSubConnectionPool - 1 connections initialized for 192.168.21.130/192.168.21.130:16379
26-01-16.21:33:00.011 [redisson-netty-2-13] INFO  MasterConnectionPool   - 5 connections initialized for 192.168.21.130/192.168.21.130:16379
26-01-16.21:33:01.693 [main            ] INFO  EndpointLinksResolver  - Exposing 1 endpoint(s) beneath base path '/actuator'
26-01-16.21:33:01.743 [main            ] INFO  StrategyArmoryTest     - Started StrategyArmoryTest in 4.272 seconds (JVM running for 4.997)
26-01-16.21:34:05.194 [main            ] INFO  StrategyArmoryTest     - Starting StrategyArmoryTest using Java 1.8.0_462 on User1 with PID 3052 (started by hafutpurs in E:\2JavaCode\BigMarket\big-market\big-market-app)
26-01-16.21:34:05.195 [main            ] INFO  StrategyArmoryTest     - The following 1 profile is active: "dev"
26-01-16.21:34:06.028 [main            ] INFO  RepositoryConfigurationDelegate - Multiple Spring Data modules found, entering strict repository configuration mode
26-01-16.21:34:06.032 [main            ] INFO  RepositoryConfigurationDelegate - Bootstrapping Spring Data Redis repositories in DEFAULT mode.
26-01-16.21:34:06.055 [main            ] INFO  RepositoryConfigurationDelegate - Finished Spring Data repository scanning in 9 ms. Found 0 Redis repository interfaces.
26-01-16.21:34:07.511 [main            ] INFO  Version                - Redisson 3.23.4
26-01-16.21:34:08.182 [redisson-netty-2-4] INFO  MasterPubSubConnectionPool - 1 connections initialized for 192.168.21.130/192.168.21.130:16379
26-01-16.21:34:08.206 [redisson-netty-2-13] INFO  MasterConnectionPool   - 5 connections initialized for 192.168.21.130/192.168.21.130:16379
26-01-16.21:34:10.554 [main            ] INFO  EndpointLinksResolver  - Exposing 1 endpoint(s) beneath base path '/actuator'
26-01-16.21:34:10.628 [main            ] INFO  StrategyArmoryTest     - Started StrategyArmoryTest in 5.919 seconds (JVM running for 7.365)
26-01-16.21:38:51.158 [main            ] INFO  StrategyArmoryTest     - Starting StrategyArmoryTest using Java 1.8.0_462 on User1 with PID 25900 (started by hafutpurs in E:\2JavaCode\BigMarket\big-market\big-market-app)
26-01-16.21:38:51.159 [main            ] INFO  StrategyArmoryTest     - The following 1 profile is active: "dev"
26-01-16.21:38:51.848 [main            ] INFO  RepositoryConfigurationDelegate - Multiple Spring Data modules found, entering strict repository configuration mode
26-01-16.21:38:51.851 [main            ] INFO  RepositoryConfigurationDelegate - Bootstrapping Spring Data Redis repositories in DEFAULT mode.
26-01-16.21:38:51.873 [main            ] INFO  RepositoryConfigurationDelegate - Finished Spring Data repository scanning in 10 ms. Found 0 Redis repository interfaces.
26-01-16.21:38:52.863 [main            ] INFO  Version                - Redisson 3.23.4
26-01-16.21:38:53.289 [redisson-netty-2-4] INFO  MasterPubSubConnectionPool - 1 connections initialized for 192.168.21.130/192.168.21.130:16379
26-01-16.21:38:53.306 [redisson-netty-2-13] INFO  MasterConnectionPool   - 5 connections initialized for 192.168.21.130/192.168.21.130:16379
26-01-16.21:38:55.079 [main            ] INFO  EndpointLinksResolver  - Exposing 1 endpoint(s) beneath base path '/actuator'
26-01-16.21:38:55.130 [main            ] INFO  StrategyArmoryTest     - Started StrategyArmoryTest in 4.434 seconds (JVM running for 5.246)
26-01-16.21:38:55.373 [main            ] INFO  HikariDataSource       - HikariPool-1 - Starting...
26-01-16.21:38:55.544 [main            ] INFO  HikariDataSource       - HikariPool-1 - Start completed.
26-01-16.21:38:55.607 [SpringApplicationShutdownHook] INFO  HikariDataSource       - HikariPool-1 - Shutdown initiated...
26-01-16.21:38:55.615 [SpringApplicationShutdownHook] INFO  HikariDataSource       - HikariPool-1 - Shutdown completed.
26-01-16.21:40:19.589 [main            ] INFO  StrategyArmoryTest     - Starting StrategyArmoryTest using Java 1.8.0_462 on User1 with PID 16816 (started by hafutpurs in E:\2JavaCode\BigMarket\big-market\big-market-app)
26-01-16.21:40:19.590 [main            ] INFO  StrategyArmoryTest     - The following 1 profile is active: "dev"
26-01-16.21:40:20.288 [main            ] INFO  RepositoryConfigurationDelegate - Multiple Spring Data modules found, entering strict repository configuration mode
26-01-16.21:40:20.290 [main            ] INFO  RepositoryConfigurationDelegate - Bootstrapping Spring Data Redis repositories in DEFAULT mode.
26-01-16.21:40:20.310 [main            ] INFO  RepositoryConfigurationDelegate - Finished Spring Data repository scanning in 8 ms. Found 0 Redis repository interfaces.
26-01-16.21:40:21.267 [main            ] INFO  Version                - Redisson 3.23.4
26-01-16.21:40:21.679 [redisson-netty-2-4] INFO  MasterPubSubConnectionPool - 1 connections initialized for 192.168.21.130/192.168.21.130:16379
26-01-16.21:40:21.694 [redisson-netty-2-13] INFO  MasterConnectionPool   - 5 connections initialized for 192.168.21.130/192.168.21.130:16379
26-01-16.21:40:23.375 [main            ] INFO  EndpointLinksResolver  - Exposing 1 endpoint(s) beneath base path '/actuator'
26-01-16.21:40:23.426 [main            ] INFO  StrategyArmoryTest     - Started StrategyArmoryTest in 4.262 seconds (JVM running for 5.003)
26-01-16.21:40:23.640 [main            ] INFO  HikariDataSource       - HikariPool-1 - Starting...
26-01-16.21:40:23.799 [main            ] INFO  HikariDataSource       - HikariPool-1 - Start completed.
26-01-16.21:40:23.864 [SpringApplicationShutdownHook] INFO  HikariDataSource       - HikariPool-1 - Shutdown initiated...
26-01-16.21:40:23.872 [SpringApplicationShutdownHook] INFO  HikariDataSource       - HikariPool-1 - Shutdown completed.
26-01-16.21:41:19.439 [main            ] INFO  StrategyArmoryTest     - Starting StrategyArmoryTest using Java 1.8.0_462 on User1 with PID 14012 (started by hafutpurs in E:\2JavaCode\BigMarket\big-market\big-market-app)
26-01-16.21:41:19.441 [main            ] INFO  StrategyArmoryTest     - The following 1 profile is active: "dev"
26-01-16.21:41:20.151 [main            ] INFO  RepositoryConfigurationDelegate - Multiple Spring Data modules found, entering strict repository configuration mode
26-01-16.21:41:20.155 [main            ] INFO  RepositoryConfigurationDelegate - Bootstrapping Spring Data Redis repositories in DEFAULT mode.
26-01-16.21:41:20.184 [main            ] INFO  RepositoryConfigurationDelegate - Finished Spring Data repository scanning in 12 ms. Found 0 Redis repository interfaces.
26-01-16.21:41:21.269 [main            ] INFO  Version                - Redisson 3.23.4
26-01-16.21:41:21.686 [redisson-netty-2-4] INFO  MasterPubSubConnectionPool - 1 connections initialized for 192.168.21.130/192.168.21.130:16379
26-01-16.21:41:21.700 [redisson-netty-2-13] INFO  MasterConnectionPool   - 5 connections initialized for 192.168.21.130/192.168.21.130:16379
26-01-16.21:41:23.463 [main            ] INFO  EndpointLinksResolver  - Exposing 1 endpoint(s) beneath base path '/actuator'
26-01-16.21:41:23.519 [main            ] INFO  StrategyArmoryTest     - Started StrategyArmoryTest in 4.507 seconds (JVM running for 5.284)
26-01-16.21:41:23.722 [main            ] INFO  HikariDataSource       - HikariPool-1 - Starting...
26-01-16.21:41:23.876 [main            ] INFO  HikariDataSource       - HikariPool-1 - Start completed.
26-01-16.21:41:24.164 [SpringApplicationShutdownHook] INFO  HikariDataSource       - HikariPool-1 - Shutdown initiated...
26-01-16.21:41:24.174 [SpringApplicationShutdownHook] INFO  HikariDataSource       - HikariPool-1 - Shutdown completed.
