26-01-17.16:51:14.875 [main            ] INFO  RaffleStrategyTest     - Starting RaffleStrategyTest using Java 1.8.0_462 on User1 with PID 3428 (started by hafutpurs in E:\2JavaCode\BigMarket\big-market\big-market-app)
26-01-17.16:51:14.877 [main            ] INFO  RaffleStrategyTest     - The following 1 profile is active: "dev"
26-01-17.16:51:15.943 [main            ] INFO  RepositoryConfigurationDelegate - Multiple Spring Data modules found, entering strict repository configuration mode
26-01-17.16:51:15.947 [main            ] INFO  RepositoryConfigurationDelegate - Bootstrapping Spring Data Redis repositories in DEFAULT mode.
26-01-17.16:51:15.982 [main            ] INFO  RepositoryConfigurationDelegate - Finished Spring Data repository scanning in 12 ms. Found 0 Redis repository interfaces.
26-01-17.16:51:17.156 [main            ] INFO  Version                - Redisson 3.23.4
26-01-17.16:51:17.626 [redisson-netty-2-4] INFO  MasterPubSubConnectionPool - 1 connections initialized for 192.168.21.130/192.168.21.130:16379
26-01-17.16:51:17.643 [redisson-netty-2-13] INFO  MasterConnectionPool   - 5 connections initialized for 192.168.21.130/192.168.21.130:16379
26-01-17.16:51:17.709 [main            ] WARN  GenericWebApplicationContext - Exception encountered during context initialization - cancelling refresh attempt: org.springframework.beans.factory.UnsatisfiedDependencyException: Error creating bean with name 'defaultRaffleStrategy' defined in file [E:\2JavaCode\BigMarket\big-market\big-market-domain\target\classes\com\c\domain\strategy\service\raffle\DefaultRaffleStrategy.class]: Unsatisfied dependency expressed through constructor parameter 1; nested exception is org.springframework.beans.factory.NoSuchBeanDefinitionException: No qualifying bean of type 'com.c.domain.strategy.service.armory.IStrategyDispatch' available: expected at least 1 bean which qualifies as autowire candidate. Dependency annotations: {}
26-01-17.16:51:17.750 [main            ] INFO  ConditionEvaluationReportLoggingListener - 

Error starting ApplicationContext. To display the conditions report re-run your application with 'debug' enabled.
26-01-17.16:51:17.779 [main            ] ERROR LoggingFailureAnalysisReporter - 

***************************
APPLICATION FAILED TO START
***************************

Description:

Parameter 1 of constructor in com.c.domain.strategy.service.raffle.DefaultRaffleStrategy required a bean of type 'com.c.domain.strategy.service.armory.IStrategyDispatch' that could not be found.


Action:

Consider defining a bean of type 'com.c.domain.strategy.service.armory.IStrategyDispatch' in your configuration.

26-01-17.16:51:17.783 [main            ] ERROR TestContextManager     - Caught exception while allowing TestExecutionListener [org.springframework.test.context.web.ServletTestExecutionListener@22fcf7ab] to prepare test instance [com.c.test.domain.RaffleStrategyTest@2de9ca6]
java.lang.IllegalStateException: Failed to load ApplicationContext
	at org.springframework.test.context.cache.DefaultCacheAwareContextLoaderDelegate.loadContext(DefaultCacheAwareContextLoaderDelegate.java:98)
	at org.springframework.test.context.support.DefaultTestContext.getApplicationContext(DefaultTestContext.java:124)
	at org.springframework.test.context.web.ServletTestExecutionListener.setUpRequestContextIfNecessary(ServletTestExecutionListener.java:190)
	at org.springframework.test.context.web.ServletTestExecutionListener.prepareTestInstance(ServletTestExecutionListener.java:132)
	at org.springframework.test.context.TestContextManager.prepareTestInstance(TestContextManager.java:248)
	at org.springframework.test.context.junit4.SpringJUnit4ClassRunner.createTest(SpringJUnit4ClassRunner.java:227)
	at org.springframework.test.context.junit4.SpringJUnit4ClassRunner$1.runReflectiveCall(SpringJUnit4ClassRunner.java:289)
	at org.junit.internal.runners.model.ReflectiveCallable.run(ReflectiveCallable.java:12)
	at org.springframework.test.context.junit4.SpringJUnit4ClassRunner.methodBlock(SpringJUnit4ClassRunner.java:291)
	at org.springframework.test.context.junit4.SpringJUnit4ClassRunner.runChild(SpringJUnit4ClassRunner.java:246)
	at org.springframework.test.context.junit4.SpringJUnit4ClassRunner.runChild(SpringJUnit4ClassRunner.java:97)
	at org.junit.runners.ParentRunner$4.run(ParentRunner.java:331)
	at org.junit.runners.ParentRunner$1.schedule(ParentRunner.java:79)
	at org.junit.runners.ParentRunner.runChildren(ParentRunner.java:329)
	at org.junit.runners.ParentRunner.access$100(ParentRunner.java:66)
	at org.junit.runners.ParentRunner$2.evaluate(ParentRunner.java:293)
	at org.springframework.test.context.junit4.statements.RunBeforeTestClassCallbacks.evaluate(RunBeforeTestClassCallbacks.java:61)
	at org.springframework.test.context.junit4.statements.RunAfterTestClassCallbacks.evaluate(RunAfterTestClassCallbacks.java:70)
	at org.junit.runners.ParentRunner$3.evaluate(ParentRunner.java:306)
	at org.junit.runners.ParentRunner.run(ParentRunner.java:413)
	at org.springframework.test.context.junit4.SpringJUnit4ClassRunner.run(SpringJUnit4ClassRunner.java:190)
	at org.junit.runner.JUnitCore.run(JUnitCore.java:137)
	at com.intellij.junit4.JUnit4IdeaTestRunner.startRunnerWithArgs(JUnit4IdeaTestRunner.java:69)
	at com.intellij.rt.junit.IdeaTestRunner$Repeater$1.execute(IdeaTestRunner.java:38)
	at com.intellij.rt.execution.junit.TestsRepeater.repeat(TestsRepeater.java:11)
	at com.intellij.rt.junit.IdeaTestRunner$Repeater.startRunnerWithArgs(IdeaTestRunner.java:35)
	at com.intellij.rt.junit.JUnitStarter.prepareStreamsAndStart(JUnitStarter.java:231)
	at com.intellij.rt.junit.JUnitStarter.main(JUnitStarter.java:55)
Caused by: org.springframework.beans.factory.UnsatisfiedDependencyException: Error creating bean with name 'defaultRaffleStrategy' defined in file [E:\2JavaCode\BigMarket\big-market\big-market-domain\target\classes\com\c\domain\strategy\service\raffle\DefaultRaffleStrategy.class]: Unsatisfied dependency expressed through constructor parameter 1; nested exception is org.springframework.beans.factory.NoSuchBeanDefinitionException: No qualifying bean of type 'com.c.domain.strategy.service.armory.IStrategyDispatch' available: expected at least 1 bean which qualifies as autowire candidate. Dependency annotations: {}
	at org.springframework.beans.factory.support.ConstructorResolver.createArgumentArray(ConstructorResolver.java:800)
	at org.springframework.beans.factory.support.ConstructorResolver.autowireConstructor(ConstructorResolver.java:229)
	at org.springframework.beans.factory.support.AbstractAutowireCapableBeanFactory.autowireConstructor(AbstractAutowireCapableBeanFactory.java:1372)
	at org.springframework.beans.factory.support.AbstractAutowireCapableBeanFactory.createBeanInstance(AbstractAutowireCapableBeanFactory.java:1222)
	at org.springframework.beans.factory.support.AbstractAutowireCapableBeanFactory.doCreateBean(AbstractAutowireCapableBeanFactory.java:582)
	at org.springframework.beans.factory.support.AbstractAutowireCapableBeanFactory.createBean(AbstractAutowireCapableBeanFactory.java:542)
	at org.springframework.beans.factory.support.AbstractBeanFactory.lambda$doGetBean$0(AbstractBeanFactory.java:335)
	at org.springframework.beans.factory.support.DefaultSingletonBeanRegistry.getSingleton(DefaultSingletonBeanRegistry.java:234)
	at org.springframework.beans.factory.support.AbstractBeanFactory.doGetBean(AbstractBeanFactory.java:333)
	at org.springframework.beans.factory.support.AbstractBeanFactory.getBean(AbstractBeanFactory.java:208)
	at org.springframework.beans.factory.support.DefaultListableBeanFactory.preInstantiateSingletons(DefaultListableBeanFactory.java:955)
	at org.springframework.context.support.AbstractApplicationContext.finishBeanFactoryInitialization(AbstractApplicationContext.java:920)
	at org.springframework.context.support.AbstractApplicationContext.refresh(AbstractApplicationContext.java:583)
	at org.springframework.boot.SpringApplication.refresh(SpringApplication.java:731)
	at org.springframework.boot.SpringApplication.refreshContext(SpringApplication.java:408)
	at org.springframework.boot.SpringApplication.run(SpringApplication.java:307)
	at org.springframework.boot.test.context.SpringBootContextLoader.loadContext(SpringBootContextLoader.java:136)
	at org.springframework.test.context.cache.DefaultCacheAwareContextLoaderDelegate.loadContextInternal(DefaultCacheAwareContextLoaderDelegate.java:141)
	at org.springframework.test.context.cache.DefaultCacheAwareContextLoaderDelegate.loadContext(DefaultCacheAwareContextLoaderDelegate.java:90)
	... 27 common frames omitted
Caused by: org.springframework.beans.factory.NoSuchBeanDefinitionException: No qualifying bean of type 'com.c.domain.strategy.service.armory.IStrategyDispatch' available: expected at least 1 bean which qualifies as autowire candidate. Dependency annotations: {}
	at org.springframework.beans.factory.support.DefaultListableBeanFactory.raiseNoMatchingBeanFound(DefaultListableBeanFactory.java:1801)
	at org.springframework.beans.factory.support.DefaultListableBeanFactory.doResolveDependency(DefaultListableBeanFactory.java:1357)
	at org.springframework.beans.factory.support.DefaultListableBeanFactory.resolveDependency(DefaultListableBeanFactory.java:1311)
	at org.springframework.beans.factory.support.ConstructorResolver.resolveAutowiredArgument(ConstructorResolver.java:887)
	at org.springframework.beans.factory.support.ConstructorResolver.createArgumentArray(ConstructorResolver.java:791)
	... 45 common frames omitted
26-01-17.18:55:48.063 [main            ] INFO  StrategyTest           - Starting StrategyTest using Java 1.8.0_462 on User1 with PID 24876 (started by hafutpurs in E:\2JavaCode\BigMarket\big-market\big-market-app)
26-01-17.18:55:48.064 [main            ] INFO  StrategyTest           - The following 1 profile is active: "dev"
26-01-17.18:55:48.886 [main            ] INFO  RepositoryConfigurationDelegate - Multiple Spring Data modules found, entering strict repository configuration mode
26-01-17.18:55:48.889 [main            ] INFO  RepositoryConfigurationDelegate - Bootstrapping Spring Data Redis repositories in DEFAULT mode.
26-01-17.18:55:48.919 [main            ] INFO  RepositoryConfigurationDelegate - Finished Spring Data repository scanning in 14 ms. Found 0 Redis repository interfaces.
26-01-17.18:55:50.038 [main            ] INFO  Version                - Redisson 3.23.4
26-01-17.18:55:50.478 [redisson-netty-2-4] INFO  MasterPubSubConnectionPool - 1 connections initialized for 192.168.21.130/192.168.21.130:16379
26-01-17.18:55:50.491 [redisson-netty-2-13] INFO  MasterConnectionPool   - 5 connections initialized for 192.168.21.130/192.168.21.130:16379
26-01-17.18:55:50.564 [main            ] WARN  GenericWebApplicationContext - Exception encountered during context initialization - cancelling refresh attempt: org.springframework.beans.factory.BeanCreationException: Error creating bean with name 'defaultRaffleStrategy': Injection of resource dependencies failed; nested exception is org.springframework.beans.factory.NoSuchBeanDefinitionException: No qualifying bean of type 'com.c.domain.strategy.service.rule.factory.DefaultLogicFactory' available: expected at least 1 bean which qualifies as autowire candidate. Dependency annotations: {@javax.annotation.Resource(shareable=true, lookup=, name=, description=, authenticationType=CONTAINER, type=class java.lang.Object, mappedName=)}
26-01-17.18:55:50.598 [main            ] INFO  ConditionEvaluationReportLoggingListener - 

Error starting ApplicationContext. To display the conditions report re-run your application with 'debug' enabled.
26-01-17.18:55:50.628 [main            ] ERROR LoggingFailureAnalysisReporter - 

***************************
APPLICATION FAILED TO START
***************************

Description:

A component required a bean of type 'com.c.domain.strategy.service.rule.factory.DefaultLogicFactory' that could not be found.


Action:

Consider defining a bean of type 'com.c.domain.strategy.service.rule.factory.DefaultLogicFactory' in your configuration.

26-01-17.18:55:50.632 [main            ] ERROR TestContextManager     - Caught exception while allowing TestExecutionListener [org.springframework.test.context.web.ServletTestExecutionListener@24313fcc] to prepare test instance [com.c.test.domain.StrategyTest@35cec305]
java.lang.IllegalStateException: Failed to load ApplicationContext
	at org.springframework.test.context.cache.DefaultCacheAwareContextLoaderDelegate.loadContext(DefaultCacheAwareContextLoaderDelegate.java:98)
	at org.springframework.test.context.support.DefaultTestContext.getApplicationContext(DefaultTestContext.java:124)
	at org.springframework.test.context.web.ServletTestExecutionListener.setUpRequestContextIfNecessary(ServletTestExecutionListener.java:190)
	at org.springframework.test.context.web.ServletTestExecutionListener.prepareTestInstance(ServletTestExecutionListener.java:132)
	at org.springframework.test.context.TestContextManager.prepareTestInstance(TestContextManager.java:248)
	at org.springframework.test.context.junit4.SpringJUnit4ClassRunner.createTest(SpringJUnit4ClassRunner.java:227)
	at org.springframework.test.context.junit4.SpringJUnit4ClassRunner$1.runReflectiveCall(SpringJUnit4ClassRunner.java:289)
	at org.junit.internal.runners.model.ReflectiveCallable.run(ReflectiveCallable.java:12)
	at org.springframework.test.context.junit4.SpringJUnit4ClassRunner.methodBlock(SpringJUnit4ClassRunner.java:291)
	at org.springframework.test.context.junit4.SpringJUnit4ClassRunner.runChild(SpringJUnit4ClassRunner.java:246)
	at org.springframework.test.context.junit4.SpringJUnit4ClassRunner.runChild(SpringJUnit4ClassRunner.java:97)
	at org.junit.runners.ParentRunner$4.run(ParentRunner.java:331)
	at org.junit.runners.ParentRunner$1.schedule(ParentRunner.java:79)
	at org.junit.runners.ParentRunner.runChildren(ParentRunner.java:329)
	at org.junit.runners.ParentRunner.access$100(ParentRunner.java:66)
	at org.junit.runners.ParentRunner$2.evaluate(ParentRunner.java:293)
	at org.springframework.test.context.junit4.statements.RunBeforeTestClassCallbacks.evaluate(RunBeforeTestClassCallbacks.java:61)
	at org.springframework.test.context.junit4.statements.RunAfterTestClassCallbacks.evaluate(RunAfterTestClassCallbacks.java:70)
	at org.junit.runners.ParentRunner$3.evaluate(ParentRunner.java:306)
	at org.junit.runners.ParentRunner.run(ParentRunner.java:413)
	at org.springframework.test.context.junit4.SpringJUnit4ClassRunner.run(SpringJUnit4ClassRunner.java:190)
	at org.junit.runner.JUnitCore.run(JUnitCore.java:137)
	at com.intellij.junit4.JUnit4IdeaTestRunner.startRunnerWithArgs(JUnit4IdeaTestRunner.java:69)
	at com.intellij.rt.junit.IdeaTestRunner$Repeater$1.execute(IdeaTestRunner.java:38)
	at com.intellij.rt.execution.junit.TestsRepeater.repeat(TestsRepeater.java:11)
	at com.intellij.rt.junit.IdeaTestRunner$Repeater.startRunnerWithArgs(IdeaTestRunner.java:35)
	at com.intellij.rt.junit.JUnitStarter.prepareStreamsAndStart(JUnitStarter.java:231)
	at com.intellij.rt.junit.JUnitStarter.main(JUnitStarter.java:55)
Caused by: org.springframework.beans.factory.BeanCreationException: Error creating bean with name 'defaultRaffleStrategy': Injection of resource dependencies failed; nested exception is org.springframework.beans.factory.NoSuchBeanDefinitionException: No qualifying bean of type 'com.c.domain.strategy.service.rule.factory.DefaultLogicFactory' available: expected at least 1 bean which qualifies as autowire candidate. Dependency annotations: {@javax.annotation.Resource(shareable=true, lookup=, name=, description=, authenticationType=CONTAINER, type=class java.lang.Object, mappedName=)}
	at org.springframework.context.annotation.CommonAnnotationBeanPostProcessor.postProcessProperties(CommonAnnotationBeanPostProcessor.java:332)
	at org.springframework.beans.factory.support.AbstractAutowireCapableBeanFactory.populateBean(AbstractAutowireCapableBeanFactory.java:1431)
	at org.springframework.beans.factory.support.AbstractAutowireCapableBeanFactory.doCreateBean(AbstractAutowireCapableBeanFactory.java:619)
	at org.springframework.beans.factory.support.AbstractAutowireCapableBeanFactory.createBean(AbstractAutowireCapableBeanFactory.java:542)
	at org.springframework.beans.factory.support.AbstractBeanFactory.lambda$doGetBean$0(AbstractBeanFactory.java:335)
	at org.springframework.beans.factory.support.DefaultSingletonBeanRegistry.getSingleton(DefaultSingletonBeanRegistry.java:234)
	at org.springframework.beans.factory.support.AbstractBeanFactory.doGetBean(AbstractBeanFactory.java:333)
	at org.springframework.beans.factory.support.AbstractBeanFactory.getBean(AbstractBeanFactory.java:208)
	at org.springframework.beans.factory.support.DefaultListableBeanFactory.preInstantiateSingletons(DefaultListableBeanFactory.java:955)
	at org.springframework.context.support.AbstractApplicationContext.finishBeanFactoryInitialization(AbstractApplicationContext.java:920)
	at org.springframework.context.support.AbstractApplicationContext.refresh(AbstractApplicationContext.java:583)
	at org.springframework.boot.SpringApplication.refresh(SpringApplication.java:731)
	at org.springframework.boot.SpringApplication.refreshContext(SpringApplication.java:408)
	at org.springframework.boot.SpringApplication.run(SpringApplication.java:307)
	at org.springframework.boot.test.context.SpringBootContextLoader.loadContext(SpringBootContextLoader.java:136)
	at org.springframework.test.context.cache.DefaultCacheAwareContextLoaderDelegate.loadContextInternal(DefaultCacheAwareContextLoaderDelegate.java:141)
	at org.springframework.test.context.cache.DefaultCacheAwareContextLoaderDelegate.loadContext(DefaultCacheAwareContextLoaderDelegate.java:90)
	... 27 common frames omitted
Caused by: org.springframework.beans.factory.NoSuchBeanDefinitionException: No qualifying bean of type 'com.c.domain.strategy.service.rule.factory.DefaultLogicFactory' available: expected at least 1 bean which qualifies as autowire candidate. Dependency annotations: {@javax.annotation.Resource(shareable=true, lookup=, name=, description=, authenticationType=CONTAINER, type=class java.lang.Object, mappedName=)}
	at org.springframework.beans.factory.support.DefaultListableBeanFactory.raiseNoMatchingBeanFound(DefaultListableBeanFactory.java:1801)
	at org.springframework.beans.factory.support.DefaultListableBeanFactory.doResolveDependency(DefaultListableBeanFactory.java:1357)
	at org.springframework.beans.factory.support.DefaultListableBeanFactory.resolveDependency(DefaultListableBeanFactory.java:1311)
	at org.springframework.context.annotation.CommonAnnotationBeanPostProcessor.autowireResource(CommonAnnotationBeanPostProcessor.java:544)
	at org.springframework.context.annotation.CommonAnnotationBeanPostProcessor.getResource(CommonAnnotationBeanPostProcessor.java:520)
	at org.springframework.context.annotation.CommonAnnotationBeanPostProcessor$ResourceElement.getResourceToInject(CommonAnnotationBeanPostProcessor.java:673)
	at org.springframework.beans.factory.annotation.InjectionMetadata$InjectedElement.inject(InjectionMetadata.java:228)
	at org.springframework.beans.factory.annotation.InjectionMetadata.inject(InjectionMetadata.java:119)
	at org.springframework.context.annotation.CommonAnnotationBeanPostProcessor.postProcessProperties(CommonAnnotationBeanPostProcessor.java:329)
	... 43 common frames omitted
26-01-17.19:19:54.124 [main            ] INFO  StrategyTest           - Starting StrategyTest using Java 1.8.0_462 on User1 with PID 6768 (started by hafutpurs in E:\2JavaCode\BigMarket\big-market\big-market-app)
26-01-17.19:19:54.124 [main            ] INFO  StrategyTest           - The following 1 profile is active: "dev"
26-01-17.19:19:54.952 [main            ] INFO  RepositoryConfigurationDelegate - Multiple Spring Data modules found, entering strict repository configuration mode
26-01-17.19:19:54.953 [main            ] INFO  RepositoryConfigurationDelegate - Bootstrapping Spring Data Redis repositories in DEFAULT mode.
26-01-17.19:19:54.984 [main            ] INFO  RepositoryConfigurationDelegate - Finished Spring Data repository scanning in 13 ms. Found 0 Redis repository interfaces.
26-01-17.19:19:56.132 [main            ] INFO  Version                - Redisson 3.23.4
26-01-17.19:19:56.588 [redisson-netty-2-5] INFO  MasterPubSubConnectionPool - 1 connections initialized for 192.168.21.130/192.168.21.130:16379
26-01-17.19:19:56.602 [redisson-netty-2-13] INFO  MasterConnectionPool   - 5 connections initialized for 192.168.21.130/192.168.21.130:16379
26-01-17.19:19:56.668 [main            ] WARN  GenericWebApplicationContext - Exception encountered during context initialization - cancelling refresh attempt: org.springframework.beans.factory.BeanCreationException: Error creating bean with name 'defaultRaffleStrategy': Injection of resource dependencies failed; nested exception is org.springframework.beans.factory.NoSuchBeanDefinitionException: No qualifying bean of type 'com.c.domain.strategy.service.rule.factory.DefaultLogicFactory' available: expected at least 1 bean which qualifies as autowire candidate. Dependency annotations: {@javax.annotation.Resource(shareable=true, lookup=, name=, description=, authenticationType=CONTAINER, type=class java.lang.Object, mappedName=)}
26-01-17.19:19:56.702 [main            ] INFO  ConditionEvaluationReportLoggingListener - 

Error starting ApplicationContext. To display the conditions report re-run your application with 'debug' enabled.
26-01-17.19:19:56.739 [main            ] ERROR LoggingFailureAnalysisReporter - 

***************************
APPLICATION FAILED TO START
***************************

Description:

A component required a bean of type 'com.c.domain.strategy.service.rule.factory.DefaultLogicFactory' that could not be found.


Action:

Consider defining a bean of type 'com.c.domain.strategy.service.rule.factory.DefaultLogicFactory' in your configuration.

26-01-17.19:19:56.743 [main            ] ERROR TestContextManager     - Caught exception while allowing TestExecutionListener [org.springframework.test.context.web.ServletTestExecutionListener@544fa968] to prepare test instance [com.c.test.domain.StrategyTest@cbd40c1]
java.lang.IllegalStateException: Failed to load ApplicationContext
	at org.springframework.test.context.cache.DefaultCacheAwareContextLoaderDelegate.loadContext(DefaultCacheAwareContextLoaderDelegate.java:98)
	at org.springframework.test.context.support.DefaultTestContext.getApplicationContext(DefaultTestContext.java:124)
	at org.springframework.test.context.web.ServletTestExecutionListener.setUpRequestContextIfNecessary(ServletTestExecutionListener.java:190)
	at org.springframework.test.context.web.ServletTestExecutionListener.prepareTestInstance(ServletTestExecutionListener.java:132)
	at org.springframework.test.context.TestContextManager.prepareTestInstance(TestContextManager.java:248)
	at org.springframework.test.context.junit4.SpringJUnit4ClassRunner.createTest(SpringJUnit4ClassRunner.java:227)
	at org.springframework.test.context.junit4.SpringJUnit4ClassRunner$1.runReflectiveCall(SpringJUnit4ClassRunner.java:289)
	at org.junit.internal.runners.model.ReflectiveCallable.run(ReflectiveCallable.java:12)
	at org.springframework.test.context.junit4.SpringJUnit4ClassRunner.methodBlock(SpringJUnit4ClassRunner.java:291)
	at org.springframework.test.context.junit4.SpringJUnit4ClassRunner.runChild(SpringJUnit4ClassRunner.java:246)
	at org.springframework.test.context.junit4.SpringJUnit4ClassRunner.runChild(SpringJUnit4ClassRunner.java:97)
	at org.junit.runners.ParentRunner$4.run(ParentRunner.java:331)
	at org.junit.runners.ParentRunner$1.schedule(ParentRunner.java:79)
	at org.junit.runners.ParentRunner.runChildren(ParentRunner.java:329)
	at org.junit.runners.ParentRunner.access$100(ParentRunner.java:66)
	at org.junit.runners.ParentRunner$2.evaluate(ParentRunner.java:293)
	at org.springframework.test.context.junit4.statements.RunBeforeTestClassCallbacks.evaluate(RunBeforeTestClassCallbacks.java:61)
	at org.springframework.test.context.junit4.statements.RunAfterTestClassCallbacks.evaluate(RunAfterTestClassCallbacks.java:70)
	at org.junit.runners.ParentRunner$3.evaluate(ParentRunner.java:306)
	at org.junit.runners.ParentRunner.run(ParentRunner.java:413)
	at org.springframework.test.context.junit4.SpringJUnit4ClassRunner.run(SpringJUnit4ClassRunner.java:190)
	at org.junit.runner.JUnitCore.run(JUnitCore.java:137)
	at com.intellij.junit4.JUnit4IdeaTestRunner.startRunnerWithArgs(JUnit4IdeaTestRunner.java:69)
	at com.intellij.rt.junit.IdeaTestRunner$Repeater$1.execute(IdeaTestRunner.java:38)
	at com.intellij.rt.execution.junit.TestsRepeater.repeat(TestsRepeater.java:11)
	at com.intellij.rt.junit.IdeaTestRunner$Repeater.startRunnerWithArgs(IdeaTestRunner.java:35)
	at com.intellij.rt.junit.JUnitStarter.prepareStreamsAndStart(JUnitStarter.java:231)
	at com.intellij.rt.junit.JUnitStarter.main(JUnitStarter.java:55)
Caused by: org.springframework.beans.factory.BeanCreationException: Error creating bean with name 'defaultRaffleStrategy': Injection of resource dependencies failed; nested exception is org.springframework.beans.factory.NoSuchBeanDefinitionException: No qualifying bean of type 'com.c.domain.strategy.service.rule.factory.DefaultLogicFactory' available: expected at least 1 bean which qualifies as autowire candidate. Dependency annotations: {@javax.annotation.Resource(shareable=true, lookup=, name=, description=, authenticationType=CONTAINER, type=class java.lang.Object, mappedName=)}
	at org.springframework.context.annotation.CommonAnnotationBeanPostProcessor.postProcessProperties(CommonAnnotationBeanPostProcessor.java:332)
	at org.springframework.beans.factory.support.AbstractAutowireCapableBeanFactory.populateBean(AbstractAutowireCapableBeanFactory.java:1431)
	at org.springframework.beans.factory.support.AbstractAutowireCapableBeanFactory.doCreateBean(AbstractAutowireCapableBeanFactory.java:619)
	at org.springframework.beans.factory.support.AbstractAutowireCapableBeanFactory.createBean(AbstractAutowireCapableBeanFactory.java:542)
	at org.springframework.beans.factory.support.AbstractBeanFactory.lambda$doGetBean$0(AbstractBeanFactory.java:335)
	at org.springframework.beans.factory.support.DefaultSingletonBeanRegistry.getSingleton(DefaultSingletonBeanRegistry.java:234)
	at org.springframework.beans.factory.support.AbstractBeanFactory.doGetBean(AbstractBeanFactory.java:333)
	at org.springframework.beans.factory.support.AbstractBeanFactory.getBean(AbstractBeanFactory.java:208)
	at org.springframework.beans.factory.support.DefaultListableBeanFactory.preInstantiateSingletons(DefaultListableBeanFactory.java:955)
	at org.springframework.context.support.AbstractApplicationContext.finishBeanFactoryInitialization(AbstractApplicationContext.java:920)
	at org.springframework.context.support.AbstractApplicationContext.refresh(AbstractApplicationContext.java:583)
	at org.springframework.boot.SpringApplication.refresh(SpringApplication.java:731)
	at org.springframework.boot.SpringApplication.refreshContext(SpringApplication.java:408)
	at org.springframework.boot.SpringApplication.run(SpringApplication.java:307)
	at org.springframework.boot.test.context.SpringBootContextLoader.loadContext(SpringBootContextLoader.java:136)
	at org.springframework.test.context.cache.DefaultCacheAwareContextLoaderDelegate.loadContextInternal(DefaultCacheAwareContextLoaderDelegate.java:141)
	at org.springframework.test.context.cache.DefaultCacheAwareContextLoaderDelegate.loadContext(DefaultCacheAwareContextLoaderDelegate.java:90)
	... 27 common frames omitted
Caused by: org.springframework.beans.factory.NoSuchBeanDefinitionException: No qualifying bean of type 'com.c.domain.strategy.service.rule.factory.DefaultLogicFactory' available: expected at least 1 bean which qualifies as autowire candidate. Dependency annotations: {@javax.annotation.Resource(shareable=true, lookup=, name=, description=, authenticationType=CONTAINER, type=class java.lang.Object, mappedName=)}
	at org.springframework.beans.factory.support.DefaultListableBeanFactory.raiseNoMatchingBeanFound(DefaultListableBeanFactory.java:1801)
	at org.springframework.beans.factory.support.DefaultListableBeanFactory.doResolveDependency(DefaultListableBeanFactory.java:1357)
	at org.springframework.beans.factory.support.DefaultListableBeanFactory.resolveDependency(DefaultListableBeanFactory.java:1311)
	at org.springframework.context.annotation.CommonAnnotationBeanPostProcessor.autowireResource(CommonAnnotationBeanPostProcessor.java:544)
	at org.springframework.context.annotation.CommonAnnotationBeanPostProcessor.getResource(CommonAnnotationBeanPostProcessor.java:520)
	at org.springframework.context.annotation.CommonAnnotationBeanPostProcessor$ResourceElement.getResourceToInject(CommonAnnotationBeanPostProcessor.java:673)
	at org.springframework.beans.factory.annotation.InjectionMetadata$InjectedElement.inject(InjectionMetadata.java:228)
	at org.springframework.beans.factory.annotation.InjectionMetadata.inject(InjectionMetadata.java:119)
	at org.springframework.context.annotation.CommonAnnotationBeanPostProcessor.postProcessProperties(CommonAnnotationBeanPostProcessor.java:329)
	... 43 common frames omitted
26-01-17.19:21:42.548 [main            ] INFO  StrategyTest           - Starting StrategyTest using Java 1.8.0_462 on User1 with PID 14628 (started by hafutpurs in E:\2JavaCode\BigMarket\big-market\big-market-app)
26-01-17.19:21:42.550 [main            ] INFO  StrategyTest           - The following 1 profile is active: "dev"
26-01-17.19:21:43.548 [main            ] INFO  RepositoryConfigurationDelegate - Multiple Spring Data modules found, entering strict repository configuration mode
26-01-17.19:21:43.553 [main            ] INFO  RepositoryConfigurationDelegate - Bootstrapping Spring Data Redis repositories in DEFAULT mode.
26-01-17.19:21:43.575 [main            ] INFO  RepositoryConfigurationDelegate - Finished Spring Data repository scanning in 10 ms. Found 0 Redis repository interfaces.
26-01-17.19:21:44.710 [main            ] INFO  Version                - Redisson 3.23.4
26-01-17.19:21:45.266 [redisson-netty-2-4] INFO  MasterPubSubConnectionPool - 1 connections initialized for 192.168.21.130/192.168.21.130:16379
26-01-17.19:21:45.285 [redisson-netty-2-13] INFO  MasterConnectionPool   - 5 connections initialized for 192.168.21.130/192.168.21.130:16379
26-01-17.19:21:47.263 [main            ] INFO  EndpointLinksResolver  - Exposing 1 endpoint(s) beneath base path '/actuator'
26-01-17.19:21:47.323 [main            ] INFO  StrategyTest           - Started StrategyTest in 5.178 seconds (JVM running for 9.073)
26-01-17.19:21:47.628 [main            ] INFO  HikariDataSource       - HikariPool-1 - Starting...
26-01-17.19:21:47.882 [main            ] INFO  HikariDataSource       - HikariPool-1 - Start completed.
26-01-17.19:21:48.401 [SpringApplicationShutdownHook] INFO  HikariDataSource       - HikariPool-1 - Shutdown initiated...
26-01-17.19:21:48.408 [SpringApplicationShutdownHook] INFO  HikariDataSource       - HikariPool-1 - Shutdown completed.
26-01-17.19:23:00.357 [main            ] INFO  StrategyTest           - Starting StrategyTest using Java 1.8.0_462 on User1 with PID 10792 (started by hafutpurs in E:\2JavaCode\BigMarket\big-market\big-market-app)
26-01-17.19:23:00.359 [main            ] INFO  StrategyTest           - The following 1 profile is active: "dev"
26-01-17.19:23:01.077 [main            ] INFO  RepositoryConfigurationDelegate - Multiple Spring Data modules found, entering strict repository configuration mode
26-01-17.19:23:01.081 [main            ] INFO  RepositoryConfigurationDelegate - Bootstrapping Spring Data Redis repositories in DEFAULT mode.
26-01-17.19:23:01.108 [main            ] INFO  RepositoryConfigurationDelegate - Finished Spring Data repository scanning in 14 ms. Found 0 Redis repository interfaces.
26-01-17.19:23:02.113 [main            ] INFO  Version                - Redisson 3.23.4
26-01-17.19:23:02.541 [redisson-netty-2-4] INFO  MasterPubSubConnectionPool - 1 connections initialized for 192.168.21.130/192.168.21.130:16379
26-01-17.19:23:02.555 [redisson-netty-2-13] INFO  MasterConnectionPool   - 5 connections initialized for 192.168.21.130/192.168.21.130:16379
26-01-17.19:23:04.206 [main            ] INFO  EndpointLinksResolver  - Exposing 1 endpoint(s) beneath base path '/actuator'
26-01-17.19:23:04.258 [main            ] INFO  StrategyTest           - Started StrategyTest in 4.33 seconds (JVM running for 5.06)
26-01-17.19:34:49.430 [main            ] INFO  StrategyTest           - Starting StrategyTest using Java 1.8.0_462 on User1 with PID 11164 (started by hafutpurs in E:\2JavaCode\BigMarket\big-market\big-market-app)
26-01-17.19:34:49.430 [main            ] INFO  StrategyTest           - The following 1 profile is active: "dev"
26-01-17.19:34:50.190 [main            ] INFO  RepositoryConfigurationDelegate - Multiple Spring Data modules found, entering strict repository configuration mode
26-01-17.19:34:50.193 [main            ] INFO  RepositoryConfigurationDelegate - Bootstrapping Spring Data Redis repositories in DEFAULT mode.
26-01-17.19:34:50.218 [main            ] INFO  RepositoryConfigurationDelegate - Finished Spring Data repository scanning in 13 ms. Found 0 Redis repository interfaces.
26-01-17.19:34:51.230 [main            ] INFO  Version                - Redisson 3.23.4
26-01-17.19:34:51.642 [redisson-netty-2-4] INFO  MasterPubSubConnectionPool - 1 connections initialized for 192.168.21.130/192.168.21.130:16379
26-01-17.19:34:51.660 [redisson-netty-2-13] INFO  MasterConnectionPool   - 5 connections initialized for 192.168.21.130/192.168.21.130:16379
26-01-17.19:34:53.520 [main            ] INFO  EndpointLinksResolver  - Exposing 1 endpoint(s) beneath base path '/actuator'
26-01-17.19:34:53.591 [main            ] INFO  StrategyTest           - Started StrategyTest in 4.613 seconds (JVM running for 5.406)
26-01-17.19:50:27.356 [main            ] INFO  StrategyTest           - Starting StrategyTest using Java 1.8.0_462 on User1 with PID 26348 (started by hafutpurs in E:\2JavaCode\BigMarket\big-market\big-market-app)
26-01-17.19:50:27.356 [main            ] INFO  StrategyTest           - The following 1 profile is active: "dev"
26-01-17.19:50:28.187 [main            ] INFO  RepositoryConfigurationDelegate - Multiple Spring Data modules found, entering strict repository configuration mode
26-01-17.19:50:28.193 [main            ] INFO  RepositoryConfigurationDelegate - Bootstrapping Spring Data Redis repositories in DEFAULT mode.
26-01-17.19:50:28.213 [main            ] INFO  RepositoryConfigurationDelegate - Finished Spring Data repository scanning in 13 ms. Found 0 Redis repository interfaces.
26-01-17.19:50:29.196 [main            ] INFO  Version                - Redisson 3.23.4
26-01-17.19:50:29.619 [redisson-netty-2-4] INFO  MasterPubSubConnectionPool - 1 connections initialized for 192.168.21.130/192.168.21.130:16379
26-01-17.19:50:29.633 [redisson-netty-2-13] INFO  MasterConnectionPool   - 5 connections initialized for 192.168.21.130/192.168.21.130:16379
26-01-17.19:50:31.310 [main            ] INFO  EndpointLinksResolver  - Exposing 1 endpoint(s) beneath base path '/actuator'
26-01-17.19:50:31.369 [main            ] INFO  StrategyTest           - Started StrategyTest in 4.427 seconds (JVM running for 5.188)
26-01-17.19:50:31.593 [main            ] INFO  HikariDataSource       - HikariPool-1 - Starting...
26-01-17.19:50:31.787 [main            ] INFO  HikariDataSource       - HikariPool-1 - Start completed.
26-01-17.19:50:31.849 [SpringApplicationShutdownHook] INFO  HikariDataSource       - HikariPool-1 - Shutdown initiated...
26-01-17.19:50:31.856 [SpringApplicationShutdownHook] INFO  HikariDataSource       - HikariPool-1 - Shutdown completed.
26-01-17.19:51:42.623 [main            ] INFO  StrategyTest           - Starting StrategyTest using Java 1.8.0_462 on User1 with PID 22592 (started by hafutpurs in E:\2JavaCode\BigMarket\big-market\big-market-app)
26-01-17.19:51:42.623 [main            ] INFO  StrategyTest           - The following 1 profile is active: "dev"
26-01-17.19:51:43.313 [main            ] INFO  RepositoryConfigurationDelegate - Multiple Spring Data modules found, entering strict repository configuration mode
26-01-17.19:51:43.316 [main            ] INFO  RepositoryConfigurationDelegate - Bootstrapping Spring Data Redis repositories in DEFAULT mode.
26-01-17.19:51:43.342 [main            ] INFO  RepositoryConfigurationDelegate - Finished Spring Data repository scanning in 14 ms. Found 0 Redis repository interfaces.
26-01-17.19:51:44.331 [main            ] INFO  Version                - Redisson 3.23.4
26-01-17.19:51:44.744 [redisson-netty-2-4] INFO  MasterPubSubConnectionPool - 1 connections initialized for 192.168.21.130/192.168.21.130:16379
26-01-17.19:51:44.758 [redisson-netty-2-13] INFO  MasterConnectionPool   - 5 connections initialized for 192.168.21.130/192.168.21.130:16379
26-01-17.19:51:46.432 [main            ] INFO  EndpointLinksResolver  - Exposing 1 endpoint(s) beneath base path '/actuator'
26-01-17.19:51:46.493 [main            ] INFO  StrategyTest           - Started StrategyTest in 4.315 seconds (JVM running for 5.046)
26-01-17.19:51:46.714 [main            ] INFO  HikariDataSource       - HikariPool-1 - Starting...
26-01-17.19:51:46.886 [main            ] INFO  HikariDataSource       - HikariPool-1 - Start completed.
26-01-17.19:51:47.256 [SpringApplicationShutdownHook] INFO  HikariDataSource       - HikariPool-1 - Shutdown initiated...
26-01-17.19:51:47.267 [SpringApplicationShutdownHook] INFO  HikariDataSource       - HikariPool-1 - Shutdown completed.
26-01-17.19:56:24.753 [main            ] INFO  StrategyTest           - Starting StrategyTest using Java 1.8.0_462 on User1 with PID 9628 (started by hafutpurs in E:\2JavaCode\BigMarket\big-market\big-market-app)
26-01-17.19:56:24.753 [main            ] INFO  StrategyTest           - The following 1 profile is active: "dev"
26-01-17.19:56:25.442 [main            ] INFO  RepositoryConfigurationDelegate - Multiple Spring Data modules found, entering strict repository configuration mode
26-01-17.19:56:25.444 [main            ] INFO  RepositoryConfigurationDelegate - Bootstrapping Spring Data Redis repositories in DEFAULT mode.
26-01-17.19:56:25.467 [main            ] INFO  RepositoryConfigurationDelegate - Finished Spring Data repository scanning in 11 ms. Found 0 Redis repository interfaces.
26-01-17.19:56:26.454 [main            ] INFO  Version                - Redisson 3.23.4
26-01-17.19:56:26.870 [redisson-netty-2-4] INFO  MasterPubSubConnectionPool - 1 connections initialized for 192.168.21.130/192.168.21.130:16379
26-01-17.19:56:26.884 [redisson-netty-2-13] INFO  MasterConnectionPool   - 5 connections initialized for 192.168.21.130/192.168.21.130:16379
26-01-17.19:56:28.525 [main            ] INFO  EndpointLinksResolver  - Exposing 1 endpoint(s) beneath base path '/actuator'
26-01-17.19:56:28.592 [main            ] INFO  StrategyTest           - Started StrategyTest in 4.262 seconds (JVM running for 4.997)
26-01-17.19:58:39.105 [main            ] INFO  StrategyTest           - Starting StrategyTest using Java 1.8.0_462 on User1 with PID 21984 (started by hafutpurs in E:\2JavaCode\BigMarket\big-market\big-market-app)
26-01-17.19:58:39.106 [main            ] INFO  StrategyTest           - The following 1 profile is active: "dev"
26-01-17.19:58:39.936 [main            ] INFO  RepositoryConfigurationDelegate - Multiple Spring Data modules found, entering strict repository configuration mode
26-01-17.19:58:39.941 [main            ] INFO  RepositoryConfigurationDelegate - Bootstrapping Spring Data Redis repositories in DEFAULT mode.
26-01-17.19:58:39.972 [main            ] INFO  RepositoryConfigurationDelegate - Finished Spring Data repository scanning in 14 ms. Found 0 Redis repository interfaces.
26-01-17.19:58:41.434 [main            ] INFO  Version                - Redisson 3.23.4
26-01-17.19:58:42.094 [redisson-netty-2-4] INFO  MasterPubSubConnectionPool - 1 connections initialized for 192.168.21.130/192.168.21.130:16379
26-01-17.19:58:42.113 [redisson-netty-2-13] INFO  MasterConnectionPool   - 5 connections initialized for 192.168.21.130/192.168.21.130:16379
26-01-17.19:58:44.403 [main            ] INFO  EndpointLinksResolver  - Exposing 1 endpoint(s) beneath base path '/actuator'
26-01-17.19:58:44.478 [main            ] INFO  StrategyTest           - Started StrategyTest in 5.853 seconds (JVM running for 7.294)
26-01-17.20:02:04.499 [main            ] INFO  StrategyTest           - Starting StrategyTest using Java 1.8.0_462 on User1 with PID 2656 (started by hafutpurs in E:\2JavaCode\BigMarket\big-market\big-market-app)
26-01-17.20:02:04.501 [main            ] INFO  StrategyTest           - The following 1 profile is active: "dev"
26-01-17.20:02:05.315 [main            ] INFO  RepositoryConfigurationDelegate - Multiple Spring Data modules found, entering strict repository configuration mode
26-01-17.20:02:05.319 [main            ] INFO  RepositoryConfigurationDelegate - Bootstrapping Spring Data Redis repositories in DEFAULT mode.
26-01-17.20:02:05.346 [main            ] INFO  RepositoryConfigurationDelegate - Finished Spring Data repository scanning in 11 ms. Found 0 Redis repository interfaces.
26-01-17.20:02:06.778 [main            ] INFO  Version                - Redisson 3.23.4
26-01-17.20:02:07.446 [redisson-netty-2-4] INFO  MasterPubSubConnectionPool - 1 connections initialized for 192.168.21.130/192.168.21.130:16379
26-01-17.20:02:07.463 [redisson-netty-2-13] INFO  MasterConnectionPool   - 5 connections initialized for 192.168.21.130/192.168.21.130:16379
26-01-17.20:02:11.683 [main            ] INFO  StrategyTest           - Starting StrategyTest using Java 1.8.0_462 on User1 with PID 7508 (started by hafutpurs in E:\2JavaCode\BigMarket\big-market\big-market-app)
26-01-17.20:02:11.684 [main            ] INFO  StrategyTest           - The following 1 profile is active: "dev"
26-01-17.20:02:12.363 [main            ] INFO  RepositoryConfigurationDelegate - Multiple Spring Data modules found, entering strict repository configuration mode
26-01-17.20:02:12.366 [main            ] INFO  RepositoryConfigurationDelegate - Bootstrapping Spring Data Redis repositories in DEFAULT mode.
26-01-17.20:02:12.391 [main            ] INFO  RepositoryConfigurationDelegate - Finished Spring Data repository scanning in 12 ms. Found 0 Redis repository interfaces.
26-01-17.20:02:13.372 [main            ] INFO  Version                - Redisson 3.23.4
26-01-17.20:02:13.789 [redisson-netty-2-4] INFO  MasterPubSubConnectionPool - 1 connections initialized for 192.168.21.130/192.168.21.130:16379
26-01-17.20:02:13.805 [redisson-netty-2-13] INFO  MasterConnectionPool   - 5 connections initialized for 192.168.21.130/192.168.21.130:16379
26-01-17.20:02:15.663 [main            ] INFO  EndpointLinksResolver  - Exposing 1 endpoint(s) beneath base path '/actuator'
26-01-17.20:02:15.726 [main            ] INFO  StrategyTest           - Started StrategyTest in 4.507 seconds (JVM running for 5.269)
26-01-17.20:06:12.691 [main            ] INFO  StrategyTest           - Starting StrategyTest using Java 1.8.0_462 on User1 with PID 15524 (started by hafutpurs in E:\2JavaCode\BigMarket\big-market\big-market-app)
26-01-17.20:06:12.693 [main            ] INFO  StrategyTest           - The following 1 profile is active: "dev"
26-01-17.20:06:13.386 [main            ] INFO  RepositoryConfigurationDelegate - Multiple Spring Data modules found, entering strict repository configuration mode
26-01-17.20:06:13.388 [main            ] INFO  RepositoryConfigurationDelegate - Bootstrapping Spring Data Redis repositories in DEFAULT mode.
26-01-17.20:06:13.411 [main            ] INFO  RepositoryConfigurationDelegate - Finished Spring Data repository scanning in 10 ms. Found 0 Redis repository interfaces.
26-01-17.20:06:14.423 [main            ] INFO  Version                - Redisson 3.23.4
26-01-17.20:06:14.835 [redisson-netty-2-4] INFO  MasterPubSubConnectionPool - 1 connections initialized for 192.168.21.130/192.168.21.130:16379
26-01-17.20:06:14.847 [redisson-netty-2-13] INFO  MasterConnectionPool   - 5 connections initialized for 192.168.21.130/192.168.21.130:16379
26-01-17.20:06:16.561 [main            ] INFO  EndpointLinksResolver  - Exposing 1 endpoint(s) beneath base path '/actuator'
26-01-17.20:06:16.617 [main            ] INFO  StrategyTest           - Started StrategyTest in 4.375 seconds (JVM running for 5.116)
26-01-17.20:07:27.816 [main            ] INFO  StrategyTest           - Starting StrategyTest using Java 1.8.0_462 on User1 with PID 10392 (started by hafutpurs in E:\2JavaCode\BigMarket\big-market\big-market-app)
26-01-17.20:07:27.817 [main            ] INFO  StrategyTest           - The following 1 profile is active: "dev"
26-01-17.20:07:28.577 [main            ] INFO  RepositoryConfigurationDelegate - Multiple Spring Data modules found, entering strict repository configuration mode
26-01-17.20:07:28.580 [main            ] INFO  RepositoryConfigurationDelegate - Bootstrapping Spring Data Redis repositories in DEFAULT mode.
26-01-17.20:07:28.606 [main            ] INFO  RepositoryConfigurationDelegate - Finished Spring Data repository scanning in 13 ms. Found 0 Redis repository interfaces.
26-01-17.20:07:29.621 [main            ] INFO  Version                - Redisson 3.23.4
26-01-17.20:07:30.044 [redisson-netty-2-4] INFO  MasterPubSubConnectionPool - 1 connections initialized for 192.168.21.130/192.168.21.130:16379
26-01-17.20:07:30.057 [redisson-netty-2-13] INFO  MasterConnectionPool   - 5 connections initialized for 192.168.21.130/192.168.21.130:16379
26-01-17.20:07:31.868 [main            ] INFO  EndpointLinksResolver  - Exposing 1 endpoint(s) beneath base path '/actuator'
26-01-17.20:07:31.923 [main            ] INFO  StrategyTest           - Started StrategyTest in 4.559 seconds (JVM running for 5.337)
26-01-17.20:08:57.606 [main            ] INFO  StrategyTest           - Starting StrategyTest using Java 1.8.0_462 on User1 with PID 9492 (started by hafutpurs in E:\2JavaCode\BigMarket\big-market\big-market-app)
26-01-17.20:08:57.608 [main            ] INFO  StrategyTest           - The following 1 profile is active: "dev"
26-01-17.20:08:58.326 [main            ] INFO  RepositoryConfigurationDelegate - Multiple Spring Data modules found, entering strict repository configuration mode
26-01-17.20:08:58.329 [main            ] INFO  RepositoryConfigurationDelegate - Bootstrapping Spring Data Redis repositories in DEFAULT mode.
26-01-17.20:08:58.355 [main            ] INFO  RepositoryConfigurationDelegate - Finished Spring Data repository scanning in 12 ms. Found 0 Redis repository interfaces.
26-01-17.20:08:59.350 [main            ] INFO  Version                - Redisson 3.23.4
26-01-17.20:08:59.765 [redisson-netty-2-4] INFO  MasterPubSubConnectionPool - 1 connections initialized for 192.168.21.130/192.168.21.130:16379
26-01-17.20:08:59.778 [redisson-netty-2-13] INFO  MasterConnectionPool   - 5 connections initialized for 192.168.21.130/192.168.21.130:16379
26-01-17.20:09:01.530 [main            ] INFO  EndpointLinksResolver  - Exposing 1 endpoint(s) beneath base path '/actuator'
26-01-17.20:09:01.577 [main            ] INFO  StrategyTest           - Started StrategyTest in 4.396 seconds (JVM running for 5.123)
26-01-17.20:10:35.770 [main            ] INFO  StrategyTest           - Starting StrategyTest using Java 1.8.0_462 on User1 with PID 24508 (started by hafutpurs in E:\2JavaCode\BigMarket\big-market\big-market-app)
26-01-17.20:10:35.771 [main            ] INFO  StrategyTest           - The following 1 profile is active: "dev"
26-01-17.20:10:36.476 [main            ] INFO  RepositoryConfigurationDelegate - Multiple Spring Data modules found, entering strict repository configuration mode
26-01-17.20:10:36.478 [main            ] INFO  RepositoryConfigurationDelegate - Bootstrapping Spring Data Redis repositories in DEFAULT mode.
26-01-17.20:10:36.499 [main            ] INFO  RepositoryConfigurationDelegate - Finished Spring Data repository scanning in 10 ms. Found 0 Redis repository interfaces.
26-01-17.20:10:37.532 [main            ] INFO  Version                - Redisson 3.23.4
26-01-17.20:10:37.950 [redisson-netty-2-4] INFO  MasterPubSubConnectionPool - 1 connections initialized for 192.168.21.130/192.168.21.130:16379
26-01-17.20:10:37.964 [redisson-netty-2-13] INFO  MasterConnectionPool   - 5 connections initialized for 192.168.21.130/192.168.21.130:16379
26-01-17.20:10:39.710 [main            ] INFO  EndpointLinksResolver  - Exposing 1 endpoint(s) beneath base path '/actuator'
26-01-17.20:10:39.773 [main            ] INFO  StrategyTest           - Started StrategyTest in 4.445 seconds (JVM running for 5.197)
26-01-17.20:11:24.373 [main            ] INFO  StrategyTest           - Starting StrategyTest using Java 1.8.0_462 on User1 with PID 20116 (started by hafutpurs in E:\2JavaCode\BigMarket\big-market\big-market-app)
26-01-17.20:11:24.375 [main            ] INFO  StrategyTest           - The following 1 profile is active: "dev"
26-01-17.20:11:25.370 [main            ] INFO  RepositoryConfigurationDelegate - Multiple Spring Data modules found, entering strict repository configuration mode
26-01-17.20:11:25.374 [main            ] INFO  RepositoryConfigurationDelegate - Bootstrapping Spring Data Redis repositories in DEFAULT mode.
26-01-17.20:11:25.400 [main            ] INFO  RepositoryConfigurationDelegate - Finished Spring Data repository scanning in 11 ms. Found 0 Redis repository interfaces.
26-01-17.20:11:26.927 [main            ] INFO  Version                - Redisson 3.23.4
26-01-17.20:11:27.647 [redisson-netty-2-4] INFO  MasterPubSubConnectionPool - 1 connections initialized for 192.168.21.130/192.168.21.130:16379
26-01-17.20:11:27.672 [redisson-netty-2-13] INFO  MasterConnectionPool   - 5 connections initialized for 192.168.21.130/192.168.21.130:16379
26-01-17.20:11:30.199 [main            ] INFO  EndpointLinksResolver  - Exposing 1 endpoint(s) beneath base path '/actuator'
26-01-17.20:11:30.274 [main            ] INFO  StrategyTest           - Started StrategyTest in 6.511 seconds (JVM running for 7.784)
26-01-17.20:12:35.272 [main            ] INFO  StrategyTest           - Starting StrategyTest using Java 1.8.0_462 on User1 with PID 18748 (started by hafutpurs in E:\2JavaCode\BigMarket\big-market\big-market-app)
26-01-17.20:12:35.273 [main            ] INFO  StrategyTest           - The following 1 profile is active: "dev"
26-01-17.20:12:36.084 [main            ] INFO  RepositoryConfigurationDelegate - Multiple Spring Data modules found, entering strict repository configuration mode
26-01-17.20:12:36.087 [main            ] INFO  RepositoryConfigurationDelegate - Bootstrapping Spring Data Redis repositories in DEFAULT mode.
26-01-17.20:12:36.111 [main            ] INFO  RepositoryConfigurationDelegate - Finished Spring Data repository scanning in 11 ms. Found 0 Redis repository interfaces.
26-01-17.20:12:37.523 [main            ] INFO  Version                - Redisson 3.23.4
26-01-17.20:12:38.161 [redisson-netty-2-4] INFO  MasterPubSubConnectionPool - 1 connections initialized for 192.168.21.130/192.168.21.130:16379
26-01-17.20:12:38.178 [redisson-netty-2-13] INFO  MasterConnectionPool   - 5 connections initialized for 192.168.21.130/192.168.21.130:16379
26-01-17.20:12:40.459 [main            ] INFO  EndpointLinksResolver  - Exposing 1 endpoint(s) beneath base path '/actuator'
26-01-17.20:12:40.534 [main            ] INFO  StrategyTest           - Started StrategyTest in 5.789 seconds (JVM running for 6.864)
26-01-17.20:14:18.277 [main            ] INFO  StrategyTest           - Starting StrategyTest using Java 1.8.0_462 on User1 with PID 9528 (started by hafutpurs in E:\2JavaCode\BigMarket\big-market\big-market-app)
26-01-17.20:14:18.278 [main            ] INFO  StrategyTest           - The following 1 profile is active: "dev"
26-01-17.20:14:19.120 [main            ] INFO  RepositoryConfigurationDelegate - Multiple Spring Data modules found, entering strict repository configuration mode
26-01-17.20:14:19.123 [main            ] INFO  RepositoryConfigurationDelegate - Bootstrapping Spring Data Redis repositories in DEFAULT mode.
26-01-17.20:14:19.150 [main            ] INFO  RepositoryConfigurationDelegate - Finished Spring Data repository scanning in 11 ms. Found 0 Redis repository interfaces.
26-01-17.20:14:20.676 [main            ] INFO  Version                - Redisson 3.23.4
26-01-17.20:14:21.355 [redisson-netty-2-5] INFO  MasterPubSubConnectionPool - 1 connections initialized for 192.168.21.130/192.168.21.130:16379
26-01-17.20:14:21.371 [redisson-netty-2-13] INFO  MasterConnectionPool   - 5 connections initialized for 192.168.21.130/192.168.21.130:16379
26-01-17.20:14:23.831 [main            ] INFO  EndpointLinksResolver  - Exposing 1 endpoint(s) beneath base path '/actuator'
26-01-17.20:14:23.926 [main            ] INFO  StrategyTest           - Started StrategyTest in 6.16 seconds (JVM running for 7.232)
26-01-17.20:18:50.919 [main            ] INFO  StrategyTest           - Starting StrategyTest using Java 1.8.0_462 on User1 with PID 16100 (started by hafutpurs in E:\2JavaCode\BigMarket\big-market\big-market-app)
26-01-17.20:18:50.920 [main            ] INFO  StrategyTest           - The following 1 profile is active: "dev"
26-01-17.20:18:51.793 [main            ] INFO  RepositoryConfigurationDelegate - Multiple Spring Data modules found, entering strict repository configuration mode
26-01-17.20:18:51.798 [main            ] INFO  RepositoryConfigurationDelegate - Bootstrapping Spring Data Redis repositories in DEFAULT mode.
26-01-17.20:18:51.827 [main            ] INFO  RepositoryConfigurationDelegate - Finished Spring Data repository scanning in 13 ms. Found 0 Redis repository interfaces.
26-01-17.20:18:53.376 [main            ] INFO  Version                - Redisson 3.23.4
26-01-17.20:18:54.035 [redisson-netty-2-4] INFO  MasterPubSubConnectionPool - 1 connections initialized for 192.168.21.130/192.168.21.130:16379
26-01-17.20:18:54.053 [redisson-netty-2-13] INFO  MasterConnectionPool   - 5 connections initialized for 192.168.21.130/192.168.21.130:16379
26-01-17.20:18:56.469 [main            ] INFO  EndpointLinksResolver  - Exposing 1 endpoint(s) beneath base path '/actuator'
26-01-17.20:18:56.570 [main            ] INFO  StrategyTest           - Started StrategyTest in 6.188 seconds (JVM running for 7.263)
26-01-17.20:21:26.079 [main            ] INFO  StrategyTest           - Starting StrategyTest using Java 1.8.0_462 on User1 with PID 26376 (started by hafutpurs in E:\2JavaCode\BigMarket\big-market\big-market-app)
26-01-17.20:21:26.082 [main            ] INFO  StrategyTest           - The following 1 profile is active: "dev"
26-01-17.20:21:26.908 [main            ] INFO  RepositoryConfigurationDelegate - Multiple Spring Data modules found, entering strict repository configuration mode
26-01-17.20:21:26.913 [main            ] INFO  RepositoryConfigurationDelegate - Bootstrapping Spring Data Redis repositories in DEFAULT mode.
26-01-17.20:21:26.940 [main            ] INFO  RepositoryConfigurationDelegate - Finished Spring Data repository scanning in 12 ms. Found 0 Redis repository interfaces.
26-01-17.20:21:28.420 [main            ] INFO  Version                - Redisson 3.23.4
26-01-17.20:21:29.081 [redisson-netty-2-5] INFO  MasterPubSubConnectionPool - 1 connections initialized for 192.168.21.130/192.168.21.130:16379
26-01-17.20:21:29.098 [redisson-netty-2-13] INFO  MasterConnectionPool   - 5 connections initialized for 192.168.21.130/192.168.21.130:16379
26-01-17.20:21:31.691 [main            ] INFO  EndpointLinksResolver  - Exposing 1 endpoint(s) beneath base path '/actuator'
26-01-17.20:21:31.769 [main            ] INFO  StrategyTest           - Started StrategyTest in 6.239 seconds (JVM running for 7.335)
26-01-17.20:34:37.971 [main            ] INFO  StrategyTest           - Starting StrategyTest using Java 1.8.0_462 on User1 with PID 20660 (started by hafutpurs in E:\2JavaCode\BigMarket\big-market\big-market-app)
26-01-17.20:34:37.973 [main            ] INFO  StrategyTest           - The following 1 profile is active: "dev"
26-01-17.20:34:38.760 [main            ] INFO  RepositoryConfigurationDelegate - Multiple Spring Data modules found, entering strict repository configuration mode
26-01-17.20:34:38.763 [main            ] INFO  RepositoryConfigurationDelegate - Bootstrapping Spring Data Redis repositories in DEFAULT mode.
26-01-17.20:34:38.788 [main            ] INFO  RepositoryConfigurationDelegate - Finished Spring Data repository scanning in 11 ms. Found 0 Redis repository interfaces.
26-01-17.20:34:39.880 [main            ] INFO  Version                - Redisson 3.23.4
26-01-17.20:34:40.320 [redisson-netty-2-4] INFO  MasterPubSubConnectionPool - 1 connections initialized for 192.168.21.130/192.168.21.130:16379
26-01-17.20:34:40.333 [redisson-netty-2-13] INFO  MasterConnectionPool   - 5 connections initialized for 192.168.21.130/192.168.21.130:16379
26-01-17.20:34:42.038 [main            ] INFO  EndpointLinksResolver  - Exposing 1 endpoint(s) beneath base path '/actuator'
26-01-17.20:34:42.091 [main            ] INFO  StrategyTest           - Started StrategyTest in 4.597 seconds (JVM running for 5.427)
26-01-17.20:34:42.344 [main            ] INFO  HikariDataSource       - HikariPool-1 - Starting...
26-01-17.20:34:42.507 [main            ] INFO  HikariDataSource       - HikariPool-1 - Start completed.
26-01-17.20:34:42.874 [main            ] INFO  StrategyTest           - true
26-01-17.20:34:42.892 [main            ] INFO  StrategyTest           - 103 - ID
26-01-17.20:34:42.920 [SpringApplicationShutdownHook] INFO  HikariDataSource       - HikariPool-1 - Shutdown initiated...
26-01-17.20:34:42.929 [SpringApplicationShutdownHook] INFO  HikariDataSource       - HikariPool-1 - Shutdown completed.
26-01-17.20:38:40.788 [main            ] INFO  StrategyTest           - Starting StrategyTest using Java 1.8.0_462 on User1 with PID 12296 (started by hafutpurs in E:\2JavaCode\BigMarket\big-market\big-market-app)
26-01-17.20:38:40.789 [main            ] INFO  StrategyTest           - The following 1 profile is active: "dev"
26-01-17.20:38:41.623 [main            ] INFO  RepositoryConfigurationDelegate - Multiple Spring Data modules found, entering strict repository configuration mode
26-01-17.20:38:41.627 [main            ] INFO  RepositoryConfigurationDelegate - Bootstrapping Spring Data Redis repositories in DEFAULT mode.
26-01-17.20:38:41.655 [main            ] INFO  RepositoryConfigurationDelegate - Finished Spring Data repository scanning in 11 ms. Found 0 Redis repository interfaces.
26-01-17.20:38:42.860 [main            ] INFO  Version                - Redisson 3.23.4
26-01-17.20:38:43.322 [redisson-netty-2-4] INFO  MasterPubSubConnectionPool - 1 connections initialized for 192.168.21.130/192.168.21.130:16379
26-01-17.20:38:43.335 [redisson-netty-2-13] INFO  MasterConnectionPool   - 5 connections initialized for 192.168.21.130/192.168.21.130:16379
26-01-17.20:38:45.105 [main            ] INFO  EndpointLinksResolver  - Exposing 1 endpoint(s) beneath base path '/actuator'
26-01-17.20:38:45.170 [main            ] INFO  StrategyTest           - Started StrategyTest in 4.844 seconds (JVM running for 5.613)
26-01-17.20:39:53.917 [main            ] INFO  StrategyTest           - Starting StrategyTest using Java 1.8.0_462 on User1 with PID 25836 (started by hafutpurs in E:\2JavaCode\BigMarket\big-market\big-market-app)
26-01-17.20:39:53.918 [main            ] INFO  StrategyTest           - The following 1 profile is active: "dev"
26-01-17.20:39:54.624 [main            ] INFO  RepositoryConfigurationDelegate - Multiple Spring Data modules found, entering strict repository configuration mode
26-01-17.20:39:54.626 [main            ] INFO  RepositoryConfigurationDelegate - Bootstrapping Spring Data Redis repositories in DEFAULT mode.
26-01-17.20:39:54.654 [main            ] INFO  RepositoryConfigurationDelegate - Finished Spring Data repository scanning in 13 ms. Found 0 Redis repository interfaces.
26-01-17.20:39:55.642 [main            ] INFO  Version                - Redisson 3.23.4
26-01-17.20:39:56.057 [redisson-netty-2-4] INFO  MasterPubSubConnectionPool - 1 connections initialized for 192.168.21.130/192.168.21.130:16379
26-01-17.20:39:56.069 [redisson-netty-2-13] INFO  MasterConnectionPool   - 5 connections initialized for 192.168.21.130/192.168.21.130:16379
26-01-17.20:39:57.729 [main            ] INFO  EndpointLinksResolver  - Exposing 1 endpoint(s) beneath base path '/actuator'
26-01-17.20:39:57.783 [main            ] INFO  StrategyTest           - Started StrategyTest in 4.294 seconds (JVM running for 5.049)
26-01-17.20:41:01.771 [main            ] INFO  StrategyTest           - Starting StrategyTest using Java 1.8.0_462 on User1 with PID 14704 (started by hafutpurs in E:\2JavaCode\BigMarket\big-market\big-market-app)
26-01-17.20:41:01.772 [main            ] INFO  StrategyTest           - The following 1 profile is active: "dev"
26-01-17.20:41:02.548 [main            ] INFO  RepositoryConfigurationDelegate - Multiple Spring Data modules found, entering strict repository configuration mode
26-01-17.20:41:02.551 [main            ] INFO  RepositoryConfigurationDelegate - Bootstrapping Spring Data Redis repositories in DEFAULT mode.
26-01-17.20:41:02.584 [main            ] INFO  RepositoryConfigurationDelegate - Finished Spring Data repository scanning in 15 ms. Found 0 Redis repository interfaces.
26-01-17.20:41:03.638 [main            ] INFO  Version                - Redisson 3.23.4
26-01-17.20:41:04.057 [redisson-netty-2-4] INFO  MasterPubSubConnectionPool - 1 connections initialized for 192.168.21.130/192.168.21.130:16379
26-01-17.20:41:04.068 [redisson-netty-2-13] INFO  MasterConnectionPool   - 5 connections initialized for 192.168.21.130/192.168.21.130:16379
26-01-17.20:41:05.750 [main            ] INFO  EndpointLinksResolver  - Exposing 1 endpoint(s) beneath base path '/actuator'
26-01-17.20:41:05.804 [main            ] INFO  StrategyTest           - Started StrategyTest in 4.457 seconds (JVM running for 5.195)
26-01-17.20:41:34.650 [main            ] INFO  StrategyTest           - Starting StrategyTest using Java 1.8.0_462 on User1 with PID 18284 (started by hafutpurs in E:\2JavaCode\BigMarket\big-market\big-market-app)
26-01-17.20:41:34.651 [main            ] INFO  StrategyTest           - The following 1 profile is active: "dev"
26-01-17.20:41:35.490 [main            ] INFO  RepositoryConfigurationDelegate - Multiple Spring Data modules found, entering strict repository configuration mode
26-01-17.20:41:35.494 [main            ] INFO  RepositoryConfigurationDelegate - Bootstrapping Spring Data Redis repositories in DEFAULT mode.
26-01-17.20:41:35.521 [main            ] INFO  RepositoryConfigurationDelegate - Finished Spring Data repository scanning in 12 ms. Found 0 Redis repository interfaces.
26-01-17.20:41:36.997 [main            ] INFO  Version                - Redisson 3.23.4
26-01-17.20:41:37.680 [redisson-netty-2-4] INFO  MasterPubSubConnectionPool - 1 connections initialized for 192.168.21.130/192.168.21.130:16379
26-01-17.20:41:37.697 [redisson-netty-2-13] INFO  MasterConnectionPool   - 5 connections initialized for 192.168.21.130/192.168.21.130:16379
26-01-17.20:41:40.096 [main            ] INFO  EndpointLinksResolver  - Exposing 1 endpoint(s) beneath base path '/actuator'
26-01-17.20:41:40.176 [main            ] INFO  StrategyTest           - Started StrategyTest in 6.073 seconds (JVM running for 7.234)
26-01-17.20:42:19.965 [main            ] INFO  StrategyTest           - Starting StrategyTest using Java 1.8.0_462 on User1 with PID 25088 (started by hafutpurs in E:\2JavaCode\BigMarket\big-market\big-market-app)
26-01-17.20:42:19.966 [main            ] INFO  StrategyTest           - The following 1 profile is active: "dev"
26-01-17.20:42:20.830 [main            ] INFO  RepositoryConfigurationDelegate - Multiple Spring Data modules found, entering strict repository configuration mode
26-01-17.20:42:20.834 [main            ] INFO  RepositoryConfigurationDelegate - Bootstrapping Spring Data Redis repositories in DEFAULT mode.
26-01-17.20:42:20.860 [main            ] INFO  RepositoryConfigurationDelegate - Finished Spring Data repository scanning in 12 ms. Found 0 Redis repository interfaces.
26-01-17.20:42:22.329 [main            ] INFO  Version                - Redisson 3.23.4
26-01-17.20:42:22.989 [redisson-netty-2-4] INFO  MasterPubSubConnectionPool - 1 connections initialized for 192.168.21.130/192.168.21.130:16379
26-01-17.20:42:23.012 [redisson-netty-2-13] INFO  MasterConnectionPool   - 5 connections initialized for 192.168.21.130/192.168.21.130:16379
26-01-17.20:42:25.573 [main            ] INFO  EndpointLinksResolver  - Exposing 1 endpoint(s) beneath base path '/actuator'
26-01-17.20:42:25.648 [main            ] INFO  StrategyTest           - Started StrategyTest in 6.258 seconds (JVM running for 7.374)
26-01-17.20:54:12.319 [main            ] INFO  StrategyTest           - Starting StrategyTest using Java 1.8.0_462 on User1 with PID 17116 (started by hafutpurs in E:\2JavaCode\BigMarket\big-market\big-market-app)
26-01-17.20:54:12.320 [main            ] INFO  StrategyTest           - The following 1 profile is active: "dev"
26-01-17.20:54:13.159 [main            ] INFO  RepositoryConfigurationDelegate - Multiple Spring Data modules found, entering strict repository configuration mode
26-01-17.20:54:13.162 [main            ] INFO  RepositoryConfigurationDelegate - Bootstrapping Spring Data Redis repositories in DEFAULT mode.
26-01-17.20:54:13.187 [main            ] INFO  RepositoryConfigurationDelegate - Finished Spring Data repository scanning in 11 ms. Found 0 Redis repository interfaces.
26-01-17.20:54:14.246 [main            ] INFO  Version                - Redisson 3.23.4
26-01-17.20:54:14.703 [redisson-netty-2-4] INFO  MasterPubSubConnectionPool - 1 connections initialized for 192.168.21.130/192.168.21.130:16379
26-01-17.20:54:14.717 [redisson-netty-2-13] INFO  MasterConnectionPool   - 5 connections initialized for 192.168.21.130/192.168.21.130:16379
26-01-17.20:54:16.457 [main            ] INFO  EndpointLinksResolver  - Exposing 1 endpoint(s) beneath base path '/actuator'
26-01-17.20:54:16.537 [main            ] INFO  StrategyTest           - Started StrategyTest in 4.668 seconds (JVM running for 5.668)
26-01-17.20:56:40.060 [main            ] INFO  StrategyTest           - Starting StrategyTest using Java 1.8.0_462 on User1 with PID 21824 (started by hafutpurs in E:\2JavaCode\BigMarket\big-market\big-market-app)
26-01-17.20:56:40.061 [main            ] INFO  StrategyTest           - The following 1 profile is active: "dev"
26-01-17.20:56:41.011 [main            ] INFO  RepositoryConfigurationDelegate - Multiple Spring Data modules found, entering strict repository configuration mode
26-01-17.20:56:41.015 [main            ] INFO  RepositoryConfigurationDelegate - Bootstrapping Spring Data Redis repositories in DEFAULT mode.
26-01-17.20:56:41.048 [main            ] INFO  RepositoryConfigurationDelegate - Finished Spring Data repository scanning in 14 ms. Found 0 Redis repository interfaces.
26-01-17.20:56:42.605 [main            ] INFO  Version                - Redisson 3.23.4
26-01-17.20:56:43.288 [redisson-netty-2-4] INFO  MasterPubSubConnectionPool - 1 connections initialized for 192.168.21.130/192.168.21.130:16379
26-01-17.20:56:43.304 [redisson-netty-2-13] INFO  MasterConnectionPool   - 5 connections initialized for 192.168.21.130/192.168.21.130:16379
26-01-17.20:56:45.818 [main            ] INFO  EndpointLinksResolver  - Exposing 1 endpoint(s) beneath base path '/actuator'
26-01-17.20:56:45.905 [main            ] INFO  StrategyTest           - Started StrategyTest in 6.35 seconds (JVM running for 7.727)
26-01-17.21:07:48.418 [main            ] INFO  StrategyTest           - Starting StrategyTest using Java 1.8.0_462 on User1 with PID 2676 (started by hafutpurs in E:\2JavaCode\BigMarket\big-market\big-market-app)
26-01-17.21:07:48.420 [main            ] INFO  StrategyTest           - The following 1 profile is active: "dev"
26-01-17.21:07:49.364 [main            ] INFO  RepositoryConfigurationDelegate - Multiple Spring Data modules found, entering strict repository configuration mode
26-01-17.21:07:49.368 [main            ] INFO  RepositoryConfigurationDelegate - Bootstrapping Spring Data Redis repositories in DEFAULT mode.
26-01-17.21:07:49.397 [main            ] INFO  RepositoryConfigurationDelegate - Finished Spring Data repository scanning in 11 ms. Found 0 Redis repository interfaces.
26-01-17.21:07:51.030 [main            ] INFO  Version                - Redisson 3.23.4
26-01-17.21:07:51.812 [redisson-netty-2-4] INFO  MasterPubSubConnectionPool - 1 connections initialized for 192.168.21.130/192.168.21.130:16379
26-01-17.21:07:51.835 [redisson-netty-2-13] INFO  MasterConnectionPool   - 5 connections initialized for 192.168.21.130/192.168.21.130:16379
26-01-17.21:07:54.633 [main            ] INFO  EndpointLinksResolver  - Exposing 1 endpoint(s) beneath base path '/actuator'
26-01-17.21:07:54.715 [main            ] INFO  StrategyTest           - Started StrategyTest in 6.894 seconds (JVM running for 8.408)
26-01-17.21:32:43.445 [main            ] INFO  StrategyTest           - Starting StrategyTest using Java 1.8.0_462 on User1 with PID 3496 (started by hafutpurs in E:\2JavaCode\BigMarket\big-market\big-market-app)
26-01-17.21:32:43.447 [main            ] INFO  StrategyTest           - The following 1 profile is active: "dev"
26-01-17.21:32:44.582 [main            ] INFO  RepositoryConfigurationDelegate - Multiple Spring Data modules found, entering strict repository configuration mode
26-01-17.21:32:44.585 [main            ] INFO  RepositoryConfigurationDelegate - Bootstrapping Spring Data Redis repositories in DEFAULT mode.
26-01-17.21:32:44.614 [main            ] INFO  RepositoryConfigurationDelegate - Finished Spring Data repository scanning in 14 ms. Found 0 Redis repository interfaces.
26-01-17.21:32:45.697 [main            ] INFO  Version                - Redisson 3.23.4
26-01-17.21:32:46.155 [redisson-netty-2-5] INFO  MasterPubSubConnectionPool - 1 connections initialized for 192.168.21.130/192.168.21.130:16379
26-01-17.21:32:46.169 [redisson-netty-2-13] INFO  MasterConnectionPool   - 5 connections initialized for 192.168.21.130/192.168.21.130:16379
26-01-17.21:32:47.925 [main            ] INFO  EndpointLinksResolver  - Exposing 1 endpoint(s) beneath base path '/actuator'
26-01-17.21:32:47.986 [main            ] INFO  StrategyTest           - Started StrategyTest in 4.914 seconds (JVM running for 8.894)
26-01-17.21:35:49.513 [main            ] INFO  StrategyTest           - Starting StrategyTest using Java 1.8.0_462 on User1 with PID 25512 (started by hafutpurs in E:\2JavaCode\BigMarket\big-market\big-market-app)
26-01-17.21:35:49.514 [main            ] INFO  StrategyTest           - The following 1 profile is active: "dev"
26-01-17.21:35:50.300 [main            ] INFO  RepositoryConfigurationDelegate - Multiple Spring Data modules found, entering strict repository configuration mode
26-01-17.21:35:50.304 [main            ] INFO  RepositoryConfigurationDelegate - Bootstrapping Spring Data Redis repositories in DEFAULT mode.
26-01-17.21:35:50.331 [main            ] INFO  RepositoryConfigurationDelegate - Finished Spring Data repository scanning in 13 ms. Found 0 Redis repository interfaces.
26-01-17.21:35:51.415 [main            ] INFO  Version                - Redisson 3.23.4
26-01-17.21:35:51.783 [redisson-netty-2-4] INFO  MasterPubSubConnectionPool - 1 connections initialized for 192.168.21.130/192.168.21.130:16379
26-01-17.21:35:51.796 [redisson-netty-2-13] INFO  MasterConnectionPool   - 5 connections initialized for 192.168.21.130/192.168.21.130:16379
26-01-17.21:35:53.469 [main            ] INFO  EndpointLinksResolver  - Exposing 1 endpoint(s) beneath base path '/actuator'
26-01-17.21:35:53.526 [main            ] INFO  StrategyTest           - Started StrategyTest in 4.447 seconds (JVM running for 5.164)
26-01-17.21:35:53.733 [redisson-netty-2-2] ERROR CommandDecoder         - Unable to decode data. channel: [id: 0xd3cd20ee, L:/192.168.21.1:2450 - R:192.168.21.130/192.168.21.130:16379], reply: ReplayingDecoderByteBuf(ridx=1467, widx=1467), command: (GET), promise: java.util.concurrent.CompletableFuture@2f6d935a[Not completed, 1 dependents], params: [big_market_strategy_award_key_100001]
com.fasterxml.jackson.databind.exc.MismatchedInputException: Unexpected token (START_OBJECT), expected VALUE_STRING: need JSON String that contains type id (for subtype of java.lang.Object)
 at [Source: (io.netty.buffer.ByteBufInputStream); line: 1, column: 2]
	at com.fasterxml.jackson.databind.exc.MismatchedInputException.from(MismatchedInputException.java:59)
	at com.fasterxml.jackson.databind.DeserializationContext.wrongTokenException(DeserializationContext.java:1939)
	at com.fasterxml.jackson.databind.DeserializationContext.reportWrongTokenException(DeserializationContext.java:1673)
	at com.fasterxml.jackson.databind.jsontype.impl.AsArrayTypeDeserializer._locateTypeId(AsArrayTypeDeserializer.java:164)
	at com.fasterxml.jackson.databind.jsontype.impl.AsArrayTypeDeserializer._deserialize(AsArrayTypeDeserializer.java:96)
	at com.fasterxml.jackson.databind.jsontype.impl.AsArrayTypeDeserializer.deserializeTypedFromArray(AsArrayTypeDeserializer.java:53)
	at com.fasterxml.jackson.databind.jsontype.impl.AsPropertyTypeDeserializer.deserializeTypedFromAny(AsPropertyTypeDeserializer.java:211)
	at com.fasterxml.jackson.databind.deser.std.UntypedObjectDeserializer$Vanilla.deserializeWithType(UntypedObjectDeserializer.java:781)
	at com.fasterxml.jackson.databind.deser.impl.TypeWrappedDeserializer.deserialize(TypeWrappedDeserializer.java:74)
	at com.fasterxml.jackson.databind.deser.DefaultDeserializationContext.readRootValue(DefaultDeserializationContext.java:323)
	at com.fasterxml.jackson.databind.ObjectMapper._readMapAndClose(ObjectMapper.java:4674)
	at com.fasterxml.jackson.databind.ObjectMapper.readValue(ObjectMapper.java:3666)
	at org.redisson.codec.JsonJacksonCodec$2.decode(JsonJacksonCodec.java:99)
	at org.redisson.client.handler.CommandDecoder.decode(CommandDecoder.java:394)
	at org.redisson.client.handler.CommandDecoder.decodeCommand(CommandDecoder.java:205)
	at org.redisson.client.handler.CommandDecoder.decode(CommandDecoder.java:144)
	at org.redisson.client.handler.CommandDecoder.decode(CommandDecoder.java:120)
	at io.netty.handler.codec.ByteToMessageDecoder.decodeRemovalReentryProtection(ByteToMessageDecoder.java:529)
	at io.netty.handler.codec.ReplayingDecoder.callDecode(ReplayingDecoder.java:366)
	at io.netty.handler.codec.ByteToMessageDecoder.channelRead(ByteToMessageDecoder.java:290)
	at io.netty.channel.AbstractChannelHandlerContext.invokeChannelRead(AbstractChannelHandlerContext.java:444)
	at io.netty.channel.AbstractChannelHandlerContext.invokeChannelRead(AbstractChannelHandlerContext.java:420)
	at io.netty.channel.AbstractChannelHandlerContext.fireChannelRead(AbstractChannelHandlerContext.java:412)
	at io.netty.channel.DefaultChannelPipeline$HeadContext.channelRead(DefaultChannelPipeline.java:1410)
	at io.netty.channel.AbstractChannelHandlerContext.invokeChannelRead(AbstractChannelHandlerContext.java:440)
	at io.netty.channel.AbstractChannelHandlerContext.invokeChannelRead(AbstractChannelHandlerContext.java:420)
	at io.netty.channel.DefaultChannelPipeline.fireChannelRead(DefaultChannelPipeline.java:919)
	at io.netty.channel.nio.AbstractNioByteChannel$NioByteUnsafe.read(AbstractNioByteChannel.java:166)
	at io.netty.channel.nio.NioEventLoop.processSelectedKey(NioEventLoop.java:788)
	at io.netty.channel.nio.NioEventLoop.processSelectedKeysOptimized(NioEventLoop.java:724)
	at io.netty.channel.nio.NioEventLoop.processSelectedKeys(NioEventLoop.java:650)
	at io.netty.channel.nio.NioEventLoop.run(NioEventLoop.java:562)
	at io.netty.util.concurrent.SingleThreadEventExecutor$4.run(SingleThreadEventExecutor.java:997)
	at io.netty.util.internal.ThreadExecutorMap$2.run(ThreadExecutorMap.java:74)
	at io.netty.util.concurrent.FastThreadLocalRunnable.run(FastThreadLocalRunnable.java:30)
	at java.lang.Thread.run(Thread.java:750)
26-01-17.21:35:53.742 [redisson-netty-2-2] ERROR ErrorsLoggingHandler   - Exception occured. Channel: [id: 0xd3cd20ee, L:/192.168.21.1:2450 - R:192.168.21.130/192.168.21.130:16379]
io.netty.handler.codec.DecoderException: com.fasterxml.jackson.databind.exc.MismatchedInputException: Unexpected token (START_OBJECT), expected VALUE_STRING: need JSON String that contains type id (for subtype of java.lang.Object)
 at [Source: (io.netty.buffer.ByteBufInputStream); line: 1, column: 2]
	at io.netty.handler.codec.ReplayingDecoder.callDecode(ReplayingDecoder.java:421)
	at io.netty.handler.codec.ByteToMessageDecoder.channelRead(ByteToMessageDecoder.java:290)
	at io.netty.channel.AbstractChannelHandlerContext.invokeChannelRead(AbstractChannelHandlerContext.java:444)
	at io.netty.channel.AbstractChannelHandlerContext.invokeChannelRead(AbstractChannelHandlerContext.java:420)
	at io.netty.channel.AbstractChannelHandlerContext.fireChannelRead(AbstractChannelHandlerContext.java:412)
	at io.netty.channel.DefaultChannelPipeline$HeadContext.channelRead(DefaultChannelPipeline.java:1410)
	at io.netty.channel.AbstractChannelHandlerContext.invokeChannelRead(AbstractChannelHandlerContext.java:440)
	at io.netty.channel.AbstractChannelHandlerContext.invokeChannelRead(AbstractChannelHandlerContext.java:420)
	at io.netty.channel.DefaultChannelPipeline.fireChannelRead(DefaultChannelPipeline.java:919)
	at io.netty.channel.nio.AbstractNioByteChannel$NioByteUnsafe.read(AbstractNioByteChannel.java:166)
	at io.netty.channel.nio.NioEventLoop.processSelectedKey(NioEventLoop.java:788)
	at io.netty.channel.nio.NioEventLoop.processSelectedKeysOptimized(NioEventLoop.java:724)
	at io.netty.channel.nio.NioEventLoop.processSelectedKeys(NioEventLoop.java:650)
	at io.netty.channel.nio.NioEventLoop.run(NioEventLoop.java:562)
	at io.netty.util.concurrent.SingleThreadEventExecutor$4.run(SingleThreadEventExecutor.java:997)
	at io.netty.util.internal.ThreadExecutorMap$2.run(ThreadExecutorMap.java:74)
	at io.netty.util.concurrent.FastThreadLocalRunnable.run(FastThreadLocalRunnable.java:30)
	at java.lang.Thread.run(Thread.java:750)
Caused by: com.fasterxml.jackson.databind.exc.MismatchedInputException: Unexpected token (START_OBJECT), expected VALUE_STRING: need JSON String that contains type id (for subtype of java.lang.Object)
 at [Source: (io.netty.buffer.ByteBufInputStream); line: 1, column: 2]
	at com.fasterxml.jackson.databind.exc.MismatchedInputException.from(MismatchedInputException.java:59)
	at com.fasterxml.jackson.databind.DeserializationContext.wrongTokenException(DeserializationContext.java:1939)
	at com.fasterxml.jackson.databind.DeserializationContext.reportWrongTokenException(DeserializationContext.java:1673)
	at com.fasterxml.jackson.databind.jsontype.impl.AsArrayTypeDeserializer._locateTypeId(AsArrayTypeDeserializer.java:164)
	at com.fasterxml.jackson.databind.jsontype.impl.AsArrayTypeDeserializer._deserialize(AsArrayTypeDeserializer.java:96)
	at com.fasterxml.jackson.databind.jsontype.impl.AsArrayTypeDeserializer.deserializeTypedFromArray(AsArrayTypeDeserializer.java:53)
	at com.fasterxml.jackson.databind.jsontype.impl.AsPropertyTypeDeserializer.deserializeTypedFromAny(AsPropertyTypeDeserializer.java:211)
	at com.fasterxml.jackson.databind.deser.std.UntypedObjectDeserializer$Vanilla.deserializeWithType(UntypedObjectDeserializer.java:781)
	at com.fasterxml.jackson.databind.deser.impl.TypeWrappedDeserializer.deserialize(TypeWrappedDeserializer.java:74)
	at com.fasterxml.jackson.databind.deser.DefaultDeserializationContext.readRootValue(DefaultDeserializationContext.java:323)
	at com.fasterxml.jackson.databind.ObjectMapper._readMapAndClose(ObjectMapper.java:4674)
	at com.fasterxml.jackson.databind.ObjectMapper.readValue(ObjectMapper.java:3666)
	at org.redisson.codec.JsonJacksonCodec$2.decode(JsonJacksonCodec.java:99)
	at org.redisson.client.handler.CommandDecoder.decode(CommandDecoder.java:394)
	at org.redisson.client.handler.CommandDecoder.decodeCommand(CommandDecoder.java:205)
	at org.redisson.client.handler.CommandDecoder.decode(CommandDecoder.java:144)
	at org.redisson.client.handler.CommandDecoder.decode(CommandDecoder.java:120)
	at io.netty.handler.codec.ByteToMessageDecoder.decodeRemovalReentryProtection(ByteToMessageDecoder.java:529)
	at io.netty.handler.codec.ReplayingDecoder.callDecode(ReplayingDecoder.java:366)
	... 17 common frames omitted
26-01-17.21:38:05.016 [main            ] INFO  StrategyTest           - Starting StrategyTest using Java 1.8.0_462 on User1 with PID 26156 (started by hafutpurs in E:\2JavaCode\BigMarket\big-market\big-market-app)
26-01-17.21:38:05.017 [main            ] INFO  StrategyTest           - The following 1 profile is active: "dev"
26-01-17.21:38:05.764 [main            ] INFO  RepositoryConfigurationDelegate - Multiple Spring Data modules found, entering strict repository configuration mode
26-01-17.21:38:05.768 [main            ] INFO  RepositoryConfigurationDelegate - Bootstrapping Spring Data Redis repositories in DEFAULT mode.
26-01-17.21:38:05.800 [main            ] INFO  RepositoryConfigurationDelegate - Finished Spring Data repository scanning in 15 ms. Found 0 Redis repository interfaces.
26-01-17.21:38:06.834 [main            ] INFO  Version                - Redisson 3.23.4
26-01-17.21:38:07.256 [redisson-netty-2-4] INFO  MasterPubSubConnectionPool - 1 connections initialized for 192.168.21.130/192.168.21.130:16379
26-01-17.21:38:07.269 [redisson-netty-2-13] INFO  MasterConnectionPool   - 5 connections initialized for 192.168.21.130/192.168.21.130:16379
26-01-17.21:38:08.939 [main            ] INFO  EndpointLinksResolver  - Exposing 1 endpoint(s) beneath base path '/actuator'
26-01-17.21:38:08.996 [main            ] INFO  StrategyTest           - Started StrategyTest in 4.408 seconds (JVM running for 5.187)
26-01-17.21:38:09.521 [main            ] INFO  HikariDataSource       - HikariPool-1 - Starting...
26-01-17.21:38:09.753 [main            ] INFO  HikariDataSource       - HikariPool-1 - Start completed.
26-01-17.21:38:09.830 [main            ] INFO  StrategyTest           - true
26-01-17.21:38:09.834 [main            ] INFO  StrategyTest           - 101 - ID
26-01-17.21:38:09.865 [SpringApplicationShutdownHook] INFO  HikariDataSource       - HikariPool-1 - Shutdown initiated...
26-01-17.21:38:09.872 [SpringApplicationShutdownHook] INFO  HikariDataSource       - HikariPool-1 - Shutdown completed.
