26-01-20.20:54:49.012 [main            ] ERROR StrategyRepository     - 策略概率范围缓存异常，请确认策略是否已装配！key:100001_4000:102,103,104,105
26-01-20.20:54:49.012 [main            ] ERROR StrategyArmoryDispatch - 获取随机奖品失败：未找到策略装配信息，Key = 100001_4000:102,103,104,105
26-01-20.20:54:49.029 [main            ] ERROR StrategyRepository     - 策略概率范围缓存异常，请确认策略是否已装配！key:100001_4000:102,103,104,105
26-01-20.20:54:49.029 [main            ] ERROR StrategyArmoryDispatch - 获取随机奖品失败：未找到策略装配信息，Key = 100001_4000:102,103,104,105
26-01-20.20:54:49.034 [main            ] ERROR StrategyRepository     - 策略概率范围缓存异常，请确认策略是否已装配！key:100001_4000:102,103,104,105
26-01-20.20:54:49.034 [main            ] ERROR StrategyArmoryDispatch - 获取随机奖品失败：未找到策略装配信息，Key = 100001_4000:102,103,104,105
26-01-20.20:56:06.087 [main            ] ERROR StrategyRepository     - 策略概率范围缓存异常，请确认策略是否已装配！key:100001_4000:102,103,104,105
26-01-20.20:56:06.087 [main            ] ERROR StrategyArmoryDispatch - 获取随机奖品失败：未找到策略装配信息，Key = 100001_4000:102,103,104,105
26-01-20.20:56:06.103 [main            ] ERROR StrategyRepository     - 策略概率范围缓存异常，请确认策略是否已装配！key:100001_4000:102,103,104,105
26-01-20.20:56:06.103 [main            ] ERROR StrategyArmoryDispatch - 获取随机奖品失败：未找到策略装配信息，Key = 100001_4000:102,103,104,105
26-01-20.20:56:06.108 [main            ] ERROR StrategyRepository     - 策略概率范围缓存异常，请确认策略是否已装配！key:100001_4000:102,103,104,105
26-01-20.20:56:06.108 [main            ] ERROR StrategyArmoryDispatch - 获取随机奖品失败：未找到策略装配信息，Key = 100001_4000:102,103,104,105
26-01-20.21:07:58.729 [main            ] ERROR DecisionTreeEngine     - 【诊断异常】在树 tree_lock 中找不到节点配置！当前节点Key: rule_lock。请检查数据库 rule_tree_node 表是否漏配或 Key 写错。
26-01-20.21:17:34.168 [main            ] ERROR DecisionTreeEngine     - 【诊断异常】在树 tree_lock 中找不到节点配置！当前节点Key: rule_lock。请检查数据库 rule_tree_node 表是否漏配或 Key 写错。
26-01-20.21:22:58.465 [main            ] ERROR DecisionTreeEngine     - 【诊断异常】在树 tree_lock 中找不到节点配置！当前节点Key: rule_lock。请检查数据库 rule_tree_node 表是否漏配或 Key 写错。
26-01-20.21:25:23.207 [main            ] ERROR DecisionTreeEngine     - 【诊断异常】在树 tree_lock 中找不到节点 rule_lock。请检查数据库 rule_key 拼写。
26-01-20.21:26:09.576 [main            ] ERROR DecisionTreeEngine     - [DEBUG_MAP_KEYS] 树 tree_lock 的节点池竟然是空的！
26-01-20.21:27:44.819 [main            ] ERROR DecisionTreeEngine     - [DEBUG_MAP_KEYS] 树 tree_lock 的节点池竟然是空的！
26-01-20.21:29:45.407 [main            ] ERROR DecisionTreeEngine     - [DEBUG_MAP_KEYS] 树 tree_lock 的节点池竟然是空的！
26-01-20.21:31:51.020 [main            ] ERROR DecisionTreeEngine     - [DEBUG_MAP_KEYS] 树 tree_lock 的节点池竟然是空的！
26-01-20.21:34:23.730 [redisson-netty-2-2] ERROR CommandDecoder         - Unable to decode data. channel: [id: 0x034786e7, L:/192.168.21.1:5834 - R:192.168.21.130/192.168.21.130:16379], reply: ReplayingDecoderByteBuf(ridx=325, widx=325), command: (GET), promise: java.util.concurrent.CompletableFuture@142db471[Not completed, 1 dependents], params: [big_market_strategy_award_key_100006]
com.fasterxml.jackson.databind.exc.MismatchedInputException: Unexpected token (START_OBJECT), expected VALUE_STRING: need JSON String that contains type id (for subtype of java.lang.Object)
 at [Source: (io.netty.buffer.ByteBufInputStream); line: 1, column: 2]
	at com.fasterxml.jackson.databind.exc.MismatchedInputException.from(MismatchedInputException.java:59)
	at com.fasterxml.jackson.databind.DeserializationContext.wrongTokenException(DeserializationContext.java:1939)
	at com.fasterxml.jackson.databind.DeserializationContext.reportWrongTokenException(DeserializationContext.java:1673)
	at com.fasterxml.jackson.databind.jsontype.impl.AsArrayTypeDeserializer._locateTypeId(AsArrayTypeDeserializer.java:164)
	at com.fasterxml.jackson.databind.jsontype.impl.AsArrayTypeDeserializer._deserialize(AsArrayTypeDeserializer.java:96)
	at com.fasterxml.jackson.databind.jsontype.impl.AsArrayTypeDeserializer.deserializeTypedFromArray(AsArrayTypeDeserializer.java:53)
	at com.fasterxml.jackson.databind.jsontype.impl.AsPropertyTypeDeserializer.deserializeTypedFromAny(AsPropertyTypeDeserializer.java:211)
	at com.fasterxml.jackson.databind.deser.std.UntypedObjectDeserializer$Vanilla.deserializeWithType(UntypedObjectDeserializer.java:781)
	at com.fasterxml.jackson.databind.deser.impl.TypeWrappedDeserializer.deserialize(TypeWrappedDeserializer.java:74)
	at com.fasterxml.jackson.databind.deser.DefaultDeserializationContext.readRootValue(DefaultDeserializationContext.java:323)
	at com.fasterxml.jackson.databind.ObjectMapper._readMapAndClose(ObjectMapper.java:4674)
	at com.fasterxml.jackson.databind.ObjectMapper.readValue(ObjectMapper.java:3666)
	at org.redisson.codec.JsonJacksonCodec$2.decode(JsonJacksonCodec.java:99)
	at org.redisson.client.handler.CommandDecoder.decode(CommandDecoder.java:394)
	at org.redisson.client.handler.CommandDecoder.decodeCommand(CommandDecoder.java:205)
	at org.redisson.client.handler.CommandDecoder.decode(CommandDecoder.java:144)
	at org.redisson.client.handler.CommandDecoder.decode(CommandDecoder.java:120)
	at io.netty.handler.codec.ByteToMessageDecoder.decodeRemovalReentryProtection(ByteToMessageDecoder.java:529)
	at io.netty.handler.codec.ReplayingDecoder.callDecode(ReplayingDecoder.java:366)
	at io.netty.handler.codec.ByteToMessageDecoder.channelRead(ByteToMessageDecoder.java:290)
	at io.netty.channel.AbstractChannelHandlerContext.invokeChannelRead(AbstractChannelHandlerContext.java:444)
	at io.netty.channel.AbstractChannelHandlerContext.invokeChannelRead(AbstractChannelHandlerContext.java:420)
	at io.netty.channel.AbstractChannelHandlerContext.fireChannelRead(AbstractChannelHandlerContext.java:412)
	at io.netty.channel.DefaultChannelPipeline$HeadContext.channelRead(DefaultChannelPipeline.java:1410)
	at io.netty.channel.AbstractChannelHandlerContext.invokeChannelRead(AbstractChannelHandlerContext.java:440)
	at io.netty.channel.AbstractChannelHandlerContext.invokeChannelRead(AbstractChannelHandlerContext.java:420)
	at io.netty.channel.DefaultChannelPipeline.fireChannelRead(DefaultChannelPipeline.java:919)
	at io.netty.channel.nio.AbstractNioByteChannel$NioByteUnsafe.read(AbstractNioByteChannel.java:166)
	at io.netty.channel.nio.NioEventLoop.processSelectedKey(NioEventLoop.java:788)
	at io.netty.channel.nio.NioEventLoop.processSelectedKeysOptimized(NioEventLoop.java:724)
	at io.netty.channel.nio.NioEventLoop.processSelectedKeys(NioEventLoop.java:650)
	at io.netty.channel.nio.NioEventLoop.run(NioEventLoop.java:562)
	at io.netty.util.concurrent.SingleThreadEventExecutor$4.run(SingleThreadEventExecutor.java:997)
	at io.netty.util.internal.ThreadExecutorMap$2.run(ThreadExecutorMap.java:74)
	at io.netty.util.concurrent.FastThreadLocalRunnable.run(FastThreadLocalRunnable.java:30)
	at java.lang.Thread.run(Thread.java:750)
26-01-20.21:34:23.737 [redisson-netty-2-2] ERROR ErrorsLoggingHandler   - Exception occured. Channel: [id: 0x034786e7, L:/192.168.21.1:5834 - R:192.168.21.130/192.168.21.130:16379]
io.netty.handler.codec.DecoderException: com.fasterxml.jackson.databind.exc.MismatchedInputException: Unexpected token (START_OBJECT), expected VALUE_STRING: need JSON String that contains type id (for subtype of java.lang.Object)
 at [Source: (io.netty.buffer.ByteBufInputStream); line: 1, column: 2]
	at io.netty.handler.codec.ReplayingDecoder.callDecode(ReplayingDecoder.java:421)
	at io.netty.handler.codec.ByteToMessageDecoder.channelRead(ByteToMessageDecoder.java:290)
	at io.netty.channel.AbstractChannelHandlerContext.invokeChannelRead(AbstractChannelHandlerContext.java:444)
	at io.netty.channel.AbstractChannelHandlerContext.invokeChannelRead(AbstractChannelHandlerContext.java:420)
	at io.netty.channel.AbstractChannelHandlerContext.fireChannelRead(AbstractChannelHandlerContext.java:412)
	at io.netty.channel.DefaultChannelPipeline$HeadContext.channelRead(DefaultChannelPipeline.java:1410)
	at io.netty.channel.AbstractChannelHandlerContext.invokeChannelRead(AbstractChannelHandlerContext.java:440)
	at io.netty.channel.AbstractChannelHandlerContext.invokeChannelRead(AbstractChannelHandlerContext.java:420)
	at io.netty.channel.DefaultChannelPipeline.fireChannelRead(DefaultChannelPipeline.java:919)
	at io.netty.channel.nio.AbstractNioByteChannel$NioByteUnsafe.read(AbstractNioByteChannel.java:166)
	at io.netty.channel.nio.NioEventLoop.processSelectedKey(NioEventLoop.java:788)
	at io.netty.channel.nio.NioEventLoop.processSelectedKeysOptimized(NioEventLoop.java:724)
	at io.netty.channel.nio.NioEventLoop.processSelectedKeys(NioEventLoop.java:650)
	at io.netty.channel.nio.NioEventLoop.run(NioEventLoop.java:562)
	at io.netty.util.concurrent.SingleThreadEventExecutor$4.run(SingleThreadEventExecutor.java:997)
	at io.netty.util.internal.ThreadExecutorMap$2.run(ThreadExecutorMap.java:74)
	at io.netty.util.concurrent.FastThreadLocalRunnable.run(FastThreadLocalRunnable.java:30)
	at java.lang.Thread.run(Thread.java:750)
Caused by: com.fasterxml.jackson.databind.exc.MismatchedInputException: Unexpected token (START_OBJECT), expected VALUE_STRING: need JSON String that contains type id (for subtype of java.lang.Object)
 at [Source: (io.netty.buffer.ByteBufInputStream); line: 1, column: 2]
	at com.fasterxml.jackson.databind.exc.MismatchedInputException.from(MismatchedInputException.java:59)
	at com.fasterxml.jackson.databind.DeserializationContext.wrongTokenException(DeserializationContext.java:1939)
	at com.fasterxml.jackson.databind.DeserializationContext.reportWrongTokenException(DeserializationContext.java:1673)
	at com.fasterxml.jackson.databind.jsontype.impl.AsArrayTypeDeserializer._locateTypeId(AsArrayTypeDeserializer.java:164)
	at com.fasterxml.jackson.databind.jsontype.impl.AsArrayTypeDeserializer._deserialize(AsArrayTypeDeserializer.java:96)
	at com.fasterxml.jackson.databind.jsontype.impl.AsArrayTypeDeserializer.deserializeTypedFromArray(AsArrayTypeDeserializer.java:53)
	at com.fasterxml.jackson.databind.jsontype.impl.AsPropertyTypeDeserializer.deserializeTypedFromAny(AsPropertyTypeDeserializer.java:211)
	at com.fasterxml.jackson.databind.deser.std.UntypedObjectDeserializer$Vanilla.deserializeWithType(UntypedObjectDeserializer.java:781)
	at com.fasterxml.jackson.databind.deser.impl.TypeWrappedDeserializer.deserialize(TypeWrappedDeserializer.java:74)
	at com.fasterxml.jackson.databind.deser.DefaultDeserializationContext.readRootValue(DefaultDeserializationContext.java:323)
	at com.fasterxml.jackson.databind.ObjectMapper._readMapAndClose(ObjectMapper.java:4674)
	at com.fasterxml.jackson.databind.ObjectMapper.readValue(ObjectMapper.java:3666)
	at org.redisson.codec.JsonJacksonCodec$2.decode(JsonJacksonCodec.java:99)
	at org.redisson.client.handler.CommandDecoder.decode(CommandDecoder.java:394)
	at org.redisson.client.handler.CommandDecoder.decodeCommand(CommandDecoder.java:205)
	at org.redisson.client.handler.CommandDecoder.decode(CommandDecoder.java:144)
	at org.redisson.client.handler.CommandDecoder.decode(CommandDecoder.java:120)
	at io.netty.handler.codec.ByteToMessageDecoder.decodeRemovalReentryProtection(ByteToMessageDecoder.java:529)
	at io.netty.handler.codec.ReplayingDecoder.callDecode(ReplayingDecoder.java:366)
	... 17 common frames omitted
